Using pre-set license
Built from '2021.3/staging' branch; Version is '2021.3.10f1 (1c7d0df0160b) revision 1867021'; Using compiler version '192829333'; Build Type 'Release'
OS: 'Windows 10  (10.0.19045) 64bit Professional' Language: 'en' Physical Memory: 32700 MB
BatchMode: 1, IsHumanControllingUs: 0, StartBugReporterOnCrash: 0, Is64bit: 1, IsPro: 1

COMMAND LINE ARGUMENTS:
D:\Unity\2021.3.10f1\Editor\Unity.exe
-adb2
-batchMode
-noUpm
-name
AssetImportWorker0
-projectPath
D:/cooking/CookingGame
-logFile
Logs/AssetImportWorker0.log
-srvPort
63600
Successfully changed project path to: D:/cooking/CookingGame
D:/cooking/CookingGame
[UnityMemory] Configuration Parameters - Can be set up in boot.config
    "memorysetup-bucket-allocator-granularity=16"
    "memorysetup-bucket-allocator-bucket-count=8"
    "memorysetup-bucket-allocator-block-size=33554432"
    "memorysetup-bucket-allocator-block-count=8"
    "memorysetup-main-allocator-block-size=16777216"
    "memorysetup-thread-allocator-block-size=16777216"
    "memorysetup-gfx-main-allocator-block-size=16777216"
    "memorysetup-gfx-thread-allocator-block-size=16777216"
    "memorysetup-cache-allocator-block-size=4194304"
    "memorysetup-typetree-allocator-block-size=2097152"
    "memorysetup-profiler-bucket-allocator-granularity=16"
    "memorysetup-profiler-bucket-allocator-bucket-count=8"
    "memorysetup-profiler-bucket-allocator-block-size=33554432"
    "memorysetup-profiler-bucket-allocator-block-count=8"
    "memorysetup-profiler-allocator-block-size=16777216"
    "memorysetup-profiler-editor-allocator-block-size=1048576"
    "memorysetup-temp-allocator-size-main=16777216"
    "memorysetup-job-temp-allocator-block-size=2097152"
    "memorysetup-job-temp-allocator-block-size-background=1048576"
    "memorysetup-job-temp-allocator-reduction-small-platforms=262144"
    "memorysetup-temp-allocator-size-background-worker=32768"
    "memorysetup-temp-allocator-size-job-worker=262144"
    "memorysetup-temp-allocator-size-preload-manager=33554432"
    "memorysetup-temp-allocator-size-nav-mesh-worker=65536"
    "memorysetup-temp-allocator-size-audio-worker=65536"
    "memorysetup-temp-allocator-size-cloud-worker=32768"
    "memorysetup-temp-allocator-size-gi-baking-worker=262144"
    "memorysetup-temp-allocator-size-gfx=262144"
Refreshing native plugins compatible for Editor in 89.97 ms, found 3 plugins.
Preloading 0 native plugins for Editor in 0.00 ms.
Initialize engine version: 2021.3.10f1 (1c7d0df0160b)
[Subsystems] Discovering subsystems at path D:/Unity/2021.3.10f1/Editor/Data/Resources/UnitySubsystems
[Subsystems] Discovering subsystems at path D:/cooking/CookingGame/Assets
GfxDevice: creating device client; threaded=0; jobified=0
Direct3D:
    Version:  Direct3D 11.0 [level 11.1]
    Renderer: NVIDIA GeForce GTX 1650 SUPER (ID=0x2187)
    Vendor:   NVIDIA
    VRAM:     3943 MB
    Driver:   31.0.15.4665
Initialize mono
Mono path[0] = 'D:/Unity/2021.3.10f1/Editor/Data/Managed'
Mono path[1] = 'D:/Unity/2021.3.10f1/Editor/Data/MonoBleedingEdge/lib/mono/unityjit-win32'
Mono config path = 'D:/Unity/2021.3.10f1/Editor/Data/MonoBleedingEdge/etc'
Using monoOptions --debugger-agent=transport=dt_socket,embedding=1,server=y,suspend=n,address=127.0.0.1:56624
Begin MonoManager ReloadAssembly
Registering precompiled unity dll's ...
Register platform support module: D:/Unity/2021.3.10f1/Editor/Data/PlaybackEngines/WindowsStandaloneSupport/UnityEditor.WindowsStandalone.Extensions.dll
Registered in 0.001855 seconds.
Native extension for WindowsStandalone target not found
Refreshing native plugins compatible for Editor in 101.66 ms, found 3 plugins.
Preloading 0 native plugins for Editor in 0.00 ms.
Mono: successfully reloaded assembly
- Completed reload, in  0.563 seconds
Domain Reload Profiling:
	ReloadAssembly (564ms)
		BeginReloadAssembly (58ms)
			ExecutionOrderSort (0ms)
			DisableScriptedObjects (0ms)
			BackupInstance (0ms)
			ReleaseScriptingObjects (0ms)
			CreateAndSetChildDomain (1ms)
		EndReloadAssembly (419ms)
			LoadAssemblies (57ms)
			RebuildTransferFunctionScriptingTraits (0ms)
			SetupTypeCache (94ms)
			ReleaseScriptCaches (0ms)
			RebuildScriptCaches (27ms)
			SetupLoadedEditorAssemblies (254ms)
				LogAssemblyErrors (0ms)
				InitializePlatformSupportModulesInManaged (6ms)
				SetLoadedEditorAssemblies (0ms)
				RefreshPlugins (102ms)
				BeforeProcessingInitializeOnLoad (1ms)
				ProcessInitializeOnLoadAttributes (106ms)
				ProcessInitializeOnLoadMethodAttributes (38ms)
				AfterProcessingInitializeOnLoad (0ms)
				EditorAssembliesLoaded (0ms)
			ExecutionOrderSort2 (0ms)
			AwakeInstancesAfterBackupRestoration (0ms)
Platform modules already initialized, skipping
Registering precompiled user dll's ...
Registered in 0.003940 seconds.
Begin MonoManager ReloadAssembly
Symbol file LoadedFromMemory doesn't match image D:\cooking\CookingGame\Library\PackageCache\com.unity.visualscripting@1.7.8\Editor\VisualScripting.Core\Dependencies\YamlDotNet\Unity.VisualScripting.YamlDotNet.dll
Symbol file LoadedFromMemory doesn't match image D:\cooking\CookingGame\Library\PackageCache\com.unity.visualscripting@1.7.8\Editor\VisualScripting.Core\Dependencies\DotNetZip\Unity.VisualScripting.IonicZip.dll
Native extension for WindowsStandalone target not found
Refreshing native plugins compatible for Editor in 94.30 ms, found 3 plugins.
Preloading 0 native plugins for Editor in 0.00 ms.
Mono: successfully reloaded assembly
- Completed reload, in  1.124 seconds
Domain Reload Profiling:
	ReloadAssembly (1125ms)
		BeginReloadAssembly (86ms)
			ExecutionOrderSort (0ms)
			DisableScriptedObjects (5ms)
			BackupInstance (0ms)
			ReleaseScriptingObjects (0ms)
			CreateAndSetChildDomain (15ms)
		EndReloadAssembly (948ms)
			LoadAssemblies (64ms)
			RebuildTransferFunctionScriptingTraits (0ms)
			SetupTypeCache (251ms)
			ReleaseScriptCaches (1ms)
			RebuildScriptCaches (57ms)
			SetupLoadedEditorAssemblies (539ms)
				LogAssemblyErrors (0ms)
				InitializePlatformSupportModulesInManaged (3ms)
				SetLoadedEditorAssemblies (0ms)
				RefreshPlugins (94ms)
				BeforeProcessingInitializeOnLoad (94ms)
				ProcessInitializeOnLoadAttributes (285ms)
				ProcessInitializeOnLoadMethodAttributes (60ms)
				AfterProcessingInitializeOnLoad (2ms)
				EditorAssembliesLoaded (0ms)
			ExecutionOrderSort2 (0ms)
			AwakeInstancesAfterBackupRestoration (4ms)
Platform modules already initialized, skipping
========================================================================
Worker process is ready to serve import requests
Launched and connected shader compiler UnityShaderCompiler.exe after 0.04 seconds
Refreshing native plugins compatible for Editor in 0.79 ms, found 3 plugins.
Preloading 0 native plugins for Editor in 0.00 ms.
Unloading 5030 Unused Serialized files (Serialized files now loaded: 0)
Unloading 55 unused Assets / (1.6 MB). Loaded Objects now: 5483.
Memory consumption went from 258.9 MB to 257.3 MB.
Total: 3.886000 ms (FindLiveObjects: 0.362500 ms CreateObjectMapping: 0.275500 ms MarkObjects: 2.803100 ms  DeleteObjects: 0.444100 ms)

AssetImportParameters requested are different than current active one (requested -> active):
  custom:video-decoder-ogg-theora: a1e56fd34408186e4bbccfd4996cb3dc -> 
  custom:container-muxer-webm: aa71ff27fc2769a1b78a27578f13a17b -> 
  custom:container-demuxer-webm: 4f35f7cbe854078d1ac9338744f61a02 -> 
  custom:video-encoder-webm-vp8: eb34c28f22e8b96e1ab97ce403110664 -> 
  custom:audio-encoder-webm-vorbis: bf7c407c2cedff20999df2af8eb42d56 -> 
  custom:framework-win-MediaFoundation: 216162199b28c13a410421893ffa2e32 -> 
  custom:container-demuxer-ogg: 62fdf1f143b41e24485cea50d1cbac27 -> 
  custom:video-decoder-webm-vp8: 9c59270c3fd7afecdb556c50c9e8de78 -> 
  custom:audio-decoder-ogg-vorbis: bf7c407c2cedff20999df2af8eb42d56 -> 
========================================================================
Received Import Request.
  Time since last request: 926086.084866 seconds.
  path: Assets/Scenes/VFX/Skull_Head.png
  artifactKey: Guid(d55568d2552b7bb49abfe13ec794cffb) Importer(815301076,1909f56bfc062723c751e8b465ee728b)
Start importing Assets/Scenes/VFX/Skull_Head.png using Guid(d55568d2552b7bb49abfe13ec794cffb) Importer(815301076,1909f56bfc062723c751e8b465ee728b)  -> (artifact id: '89e279432da9f4a9c5f4a9a18ff5e91f') in 0.086975 seconds 
========================================================================
Received Import Request.
  Time since last request: 0.000018 seconds.
  path: Assets/Scenes/VFX/Heartda.png
  artifactKey: Guid(55c7e3814a065a041bbf3b5f7ac21c18) Importer(815301076,1909f56bfc062723c751e8b465ee728b)
Start importing Assets/Scenes/VFX/Heartda.png using Guid(55c7e3814a065a041bbf3b5f7ac21c18) Importer(815301076,1909f56bfc062723c751e8b465ee728b)  -> (artifact id: 'f3915485649688b6b66302f9054bc360') in 0.063897 seconds 
========================================================================
Received Import Request.
  Time since last request: 0.000017 seconds.
  path: Assets/Scenes/VFX/Star.png
  artifactKey: Guid(a4e9c918a6cfa3c4eb47ebd829bd7afb) Importer(815301076,1909f56bfc062723c751e8b465ee728b)
Start importing Assets/Scenes/VFX/Star.png using Guid(a4e9c918a6cfa3c4eb47ebd829bd7afb) Importer(815301076,1909f56bfc062723c751e8b465ee728b)  -> (artifact id: 'bd57f981321be4fc18e8ae919ed61e1d') in 0.036723 seconds 
========================================================================
Received Import Request.
  Time since last request: 0.000016 seconds.
  path: Assets/Scenes/VFX/Star_DADA.png
  artifactKey: Guid(3dd90238615b2a14bb28041bb88b700b) Importer(815301076,1909f56bfc062723c751e8b465ee728b)
Start importing Assets/Scenes/VFX/Star_DADA.png using Guid(3dd90238615b2a14bb28041bb88b700b) Importer(815301076,1909f56bfc062723c751e8b465ee728b)  -> (artifact id: '96fde14750c54a79e2bae62864d709a0') in 0.032810 seconds 
========================================================================
Received Import Request.
  Time since last request: 0.000021 seconds.
  path: Assets/Scenes/VFX/rainbow.png
  artifactKey: Guid(a0ad456e4b73a724eb9132a31b675f09) Importer(815301076,1909f56bfc062723c751e8b465ee728b)
Start importing Assets/Scenes/VFX/rainbow.png using Guid(a0ad456e4b73a724eb9132a31b675f09) Importer(815301076,1909f56bfc062723c751e8b465ee728b)  -> (artifact id: '32ced7f9f443a117ddb0d60b10e2450d') in 0.046708 seconds 
========================================================================
Received Import Request.
  Time since last request: 0.000018 seconds.
  path: Assets/Scenes/VFX/Sparkle.png
  artifactKey: Guid(298d7c9dbd6853349b44c6f427d0a852) Importer(815301076,1909f56bfc062723c751e8b465ee728b)
Start importing Assets/Scenes/VFX/Sparkle.png using Guid(298d7c9dbd6853349b44c6f427d0a852) Importer(815301076,1909f56bfc062723c751e8b465ee728b)  -> (artifact id: 'd4526656d58b4add5dd3b93fe517a6d8') in 0.056773 seconds 
========================================================================
Received Import Request.
  Time since last request: 0.000015 seconds.
  path: Assets/Scenes/VFX/Starda.png
  artifactKey: Guid(cc0c4dc10329483499e0c25f7c3e22f2) Importer(815301076,1909f56bfc062723c751e8b465ee728b)
Start importing Assets/Scenes/VFX/Starda.png using Guid(cc0c4dc10329483499e0c25f7c3e22f2) Importer(815301076,1909f56bfc062723c751e8b465ee728b)  -> (artifact id: 'cbce7fc97c34be0f52f6a2169f930846') in 0.024758 seconds 
========================================================================
Received Import Request.
  Time since last request: 0.000015 seconds.
  path: Assets/Scenes/VFX/Smock.png
  artifactKey: Guid(d5c06727dafe3a840be0498db4e88ecc) Importer(815301076,1909f56bfc062723c751e8b465ee728b)
Start importing Assets/Scenes/VFX/Smock.png using Guid(d5c06727dafe3a840be0498db4e88ecc) Importer(815301076,1909f56bfc062723c751e8b465ee728b)  -> (artifact id: '466d4e9ee29a9586eaef824dc7e6f4bd') in 0.027115 seconds 
========================================================================
Received Import Request.
  Time since last request: 16.513580 seconds.
  path: Assets/Scenes/Day 1.unity
  artifactKey: Guid(70756cc23d40a9c4097f6f89902a30cc) Importer(815301076,1909f56bfc062723c751e8b465ee728b)
Start importing Assets/Scenes/Day 1.unity using Guid(70756cc23d40a9c4097f6f89902a30cc) Importer(815301076,1909f56bfc062723c751e8b465ee728b)  -> (artifact id: 'd18e0642655011d69508af14f9b2966a') in 0.001617 seconds 
========================================================================
Received Prepare
Registering precompiled user dll's ...
Registered in 0.003067 seconds.
Begin MonoManager ReloadAssembly
Symbol file LoadedFromMemory doesn't match image D:\cooking\CookingGame\Library\PackageCache\com.unity.visualscripting@1.7.8\Editor\VisualScripting.Core\Dependencies\YamlDotNet\Unity.VisualScripting.YamlDotNet.dll
Symbol file LoadedFromMemory doesn't match image D:\cooking\CookingGame\Library\PackageCache\com.unity.visualscripting@1.7.8\Editor\VisualScripting.Core\Dependencies\DotNetZip\Unity.VisualScripting.IonicZip.dll
Native extension for WindowsStandalone target not found
Refreshing native plugins compatible for Editor in 1.18 ms, found 3 plugins.
Preloading 0 native plugins for Editor in 0.00 ms.
Mono: successfully reloaded assembly
- Completed reload, in  1.082 seconds
Domain Reload Profiling:
	ReloadAssembly (1083ms)
		BeginReloadAssembly (124ms)
			ExecutionOrderSort (0ms)
			DisableScriptedObjects (4ms)
			BackupInstance (0ms)
			ReleaseScriptingObjects (0ms)
			CreateAndSetChildDomain (36ms)
		EndReloadAssembly (884ms)
			LoadAssemblies (73ms)
			RebuildTransferFunctionScriptingTraits (0ms)
			SetupTypeCache (249ms)
			ReleaseScriptCaches (2ms)
			RebuildScriptCaches (53ms)
			SetupLoadedEditorAssemblies (457ms)
				LogAssemblyErrors (0ms)
				InitializePlatformSupportModulesInManaged (12ms)
				SetLoadedEditorAssemblies (1ms)
				RefreshPlugins (1ms)
				BeforeProcessingInitializeOnLoad (74ms)
				ProcessInitializeOnLoadAttributes (296ms)
				ProcessInitializeOnLoadMethodAttributes (71ms)
				AfterProcessingInitializeOnLoad (2ms)
				EditorAssembliesLoaded (0ms)
			ExecutionOrderSort2 (0ms)
			AwakeInstancesAfterBackupRestoration (6ms)
Platform modules already initialized, skipping
Refreshing native plugins compatible for Editor in 1.82 ms, found 3 plugins.
Preloading 0 native plugins for Editor in 0.00 ms.
Unloading 4967 Unused Serialized files (Serialized files now loaded: 0)
Unloading 34 unused Assets / (1.6 MB). Loaded Objects now: 5502.
Memory consumption went from 256.6 MB to 255.0 MB.
Total: 4.281800 ms (FindLiveObjects: 0.377500 ms CreateObjectMapping: 0.267700 ms MarkObjects: 3.356700 ms  DeleteObjects: 0.278800 ms)

AssetImportParameters requested are different than current active one (requested -> active):
  custom:video-decoder-ogg-theora: a1e56fd34408186e4bbccfd4996cb3dc -> 
  custom:container-muxer-webm: aa71ff27fc2769a1b78a27578f13a17b -> 
  custom:container-demuxer-webm: 4f35f7cbe854078d1ac9338744f61a02 -> 
  custom:video-encoder-webm-vp8: eb34c28f22e8b96e1ab97ce403110664 -> 
  custom:audio-encoder-webm-vorbis: bf7c407c2cedff20999df2af8eb42d56 -> 
  custom:framework-win-MediaFoundation: 216162199b28c13a410421893ffa2e32 -> 
  custom:container-demuxer-ogg: 62fdf1f143b41e24485cea50d1cbac27 -> 
  custom:video-decoder-webm-vp8: 9c59270c3fd7afecdb556c50c9e8de78 -> 
  custom:audio-decoder-ogg-vorbis: bf7c407c2cedff20999df2af8eb42d56 -> 
========================================================================
Received Import Request.
  Time since last request: 163.141303 seconds.
  path: Assets/Scenes/Day 1.unity
  artifactKey: Guid(70756cc23d40a9c4097f6f89902a30cc) Importer(815301076,1909f56bfc062723c751e8b465ee728b)
Start importing Assets/Scenes/Day 1.unity using Guid(70756cc23d40a9c4097f6f89902a30cc) Importer(815301076,1909f56bfc062723c751e8b465ee728b)  -> (artifact id: '7d3d93ff5da65d4a257c16de7e1437b6') in 0.008848 seconds 
========================================================================
Received Import Request.
  Time since last request: 32.882391 seconds.
  path: Assets/Scenes/Day 2.unity
  artifactKey: Guid(7c6b1d4170a3c7e42b7566c863c06e82) Importer(815301076,1909f56bfc062723c751e8b465ee728b)
Start importing Assets/Scenes/Day 2.unity using Guid(7c6b1d4170a3c7e42b7566c863c06e82) Importer(815301076,1909f56bfc062723c751e8b465ee728b)  -> (artifact id: 'c92b81f6c09023a6e98b6d1f8cce5a9e') in 0.002088 seconds 
========================================================================
Received Import Request.
  Time since last request: 100.186505 seconds.
  path: Assets/Model/table/Orange_Barrel 1.fbx
  artifactKey: Guid(50a377ce2392678498485972e0e7e666) Importer(815301076,1909f56bfc062723c751e8b465ee728b)
Start importing Assets/Model/table/Orange_Barrel 1.fbx using Guid(50a377ce2392678498485972e0e7e666) Importer(815301076,1909f56bfc062723c751e8b465ee728b)  -> (artifact id: '9cfb3c7b515f991202585fefce063eef') in 0.349974 seconds 
========================================================================
Received Prepare
Registering precompiled user dll's ...
Registered in 0.003012 seconds.
Begin MonoManager ReloadAssembly
Symbol file LoadedFromMemory doesn't match image D:\cooking\CookingGame\Library\PackageCache\com.unity.visualscripting@1.7.8\Editor\VisualScripting.Core\Dependencies\YamlDotNet\Unity.VisualScripting.YamlDotNet.dll
Symbol file LoadedFromMemory doesn't match image D:\cooking\CookingGame\Library\PackageCache\com.unity.visualscripting@1.7.8\Editor\VisualScripting.Core\Dependencies\DotNetZip\Unity.VisualScripting.IonicZip.dll
Native extension for WindowsStandalone target not found
Refreshing native plugins compatible for Editor in 0.85 ms, found 3 plugins.
Preloading 0 native plugins for Editor in 0.00 ms.
Mono: successfully reloaded assembly
- Completed reload, in  1.115 seconds
Domain Reload Profiling:
	ReloadAssembly (1116ms)
		BeginReloadAssembly (126ms)
			ExecutionOrderSort (0ms)
			DisableScriptedObjects (4ms)
			BackupInstance (0ms)
			ReleaseScriptingObjects (0ms)
			CreateAndSetChildDomain (40ms)
		EndReloadAssembly (902ms)
			LoadAssemblies (77ms)
			RebuildTransferFunctionScriptingTraits (0ms)
			SetupTypeCache (288ms)
			ReleaseScriptCaches (2ms)
			RebuildScriptCaches (47ms)
			SetupLoadedEditorAssemblies (440ms)
				LogAssemblyErrors (0ms)
				InitializePlatformSupportModulesInManaged (11ms)
				SetLoadedEditorAssemblies (0ms)
				RefreshPlugins (1ms)
				BeforeProcessingInitializeOnLoad (74ms)
				ProcessInitializeOnLoadAttributes (282ms)
				ProcessInitializeOnLoadMethodAttributes (69ms)
				AfterProcessingInitializeOnLoad (2ms)
				EditorAssembliesLoaded (0ms)
			ExecutionOrderSort2 (0ms)
			AwakeInstancesAfterBackupRestoration (6ms)
Platform modules already initialized, skipping
Refreshing native plugins compatible for Editor in 1.62 ms, found 3 plugins.
Preloading 0 native plugins for Editor in 0.00 ms.
Unloading 4967 Unused Serialized files (Serialized files now loaded: 0)
Unloading 34 unused Assets / (1.6 MB). Loaded Objects now: 5527.
Memory consumption went from 260.9 MB to 259.3 MB.
Total: 3.159300 ms (FindLiveObjects: 0.404200 ms CreateObjectMapping: 0.235900 ms MarkObjects: 2.284100 ms  DeleteObjects: 0.234200 ms)

AssetImportParameters requested are different than current active one (requested -> active):
  custom:video-decoder-ogg-theora: a1e56fd34408186e4bbccfd4996cb3dc -> 
  custom:container-muxer-webm: aa71ff27fc2769a1b78a27578f13a17b -> 
  custom:container-demuxer-webm: 4f35f7cbe854078d1ac9338744f61a02 -> 
  custom:video-encoder-webm-vp8: eb34c28f22e8b96e1ab97ce403110664 -> 
  custom:audio-encoder-webm-vorbis: bf7c407c2cedff20999df2af8eb42d56 -> 
  custom:framework-win-MediaFoundation: 216162199b28c13a410421893ffa2e32 -> 
  custom:container-demuxer-ogg: 62fdf1f143b41e24485cea50d1cbac27 -> 
  custom:video-decoder-webm-vp8: 9c59270c3fd7afecdb556c50c9e8de78 -> 
  custom:audio-decoder-ogg-vorbis: bf7c407c2cedff20999df2af8eb42d56 -> 
========================================================================
Received Import Request.
  Time since last request: 273.857604 seconds.
  path: Assets/Prefab/Table/Bed
  artifactKey: Guid(333cf744d10956b43a5d7a6d2a64d1b7) Importer(815301076,1909f56bfc062723c751e8b465ee728b)
Start importing Assets/Prefab/Table/Bed using Guid(333cf744d10956b43a5d7a6d2a64d1b7) Importer(815301076,1909f56bfc062723c751e8b465ee728b)  -> (artifact id: 'aa5ac0360e9edf47df51545280e5e799') in 0.011690 seconds 
========================================================================
Received Import Request.
  Time since last request: 0.146673 seconds.
  path: Assets/Prefab/Table/Bed/Bed 1.prefab
  artifactKey: Guid(eda7484a67f82fd4e939bd8288834974) Importer(815301076,1909f56bfc062723c751e8b465ee728b)
Start importing Assets/Prefab/Table/Bed/Bed 1.prefab using Guid(eda7484a67f82fd4e939bd8288834974) Importer(815301076,1909f56bfc062723c751e8b465ee728b)  -> (artifact id: 'f47b2b9e06d7d279cd3bb2cf5c13f489') in 0.458446 seconds 
========================================================================
Received Import Request.
  Time since last request: 0.000023 seconds.
  path: Assets/Prefab/Table/Bed/Bed 4.prefab
  artifactKey: Guid(fc9b4ffb0d31a5d4aaacfad1f55f3c83) Importer(815301076,1909f56bfc062723c751e8b465ee728b)
Start importing Assets/Prefab/Table/Bed/Bed 4.prefab using Guid(fc9b4ffb0d31a5d4aaacfad1f55f3c83) Importer(815301076,1909f56bfc062723c751e8b465ee728b)  -> (artifact id: '90edabac89327a2b2ddcba819384cbe8') in 0.073907 seconds 
========================================================================
Received Import Request.
  Time since last request: 0.000027 seconds.
  path: Assets/Prefab/Table/Bed/Bed 2.prefab
  artifactKey: Guid(77eb839e27cc8164f93babd1c49ecc3d) Importer(815301076,1909f56bfc062723c751e8b465ee728b)
Start importing Assets/Prefab/Table/Bed/Bed 2.prefab using Guid(77eb839e27cc8164f93babd1c49ecc3d) Importer(815301076,1909f56bfc062723c751e8b465ee728b)  -> (artifact id: '8d8fb3ab94e9dd9bb074ce07c71a9930') in 0.064838 seconds 
========================================================================
Received Import Request.
  Time since last request: 0.000020 seconds.
  path: Assets/Prefab/Table/Bed/Bed 3.prefab
  artifactKey: Guid(db4fcb42ba43ca441892c27788d9d067) Importer(815301076,1909f56bfc062723c751e8b465ee728b)
Start importing Assets/Prefab/Table/Bed/Bed 3.prefab using Guid(db4fcb42ba43ca441892c27788d9d067) Importer(815301076,1909f56bfc062723c751e8b465ee728b)  -> (artifact id: 'b8af1240bc2f637314a9d74bd76e2255') in 0.064541 seconds 
========================================================================
Received Import Request.
  Time since last request: 2.300476 seconds.
  path: Assets/Prefab/Table/Bandage
  artifactKey: Guid(5e25b242d1030b949adecf9f2382c444) Importer(815301076,1909f56bfc062723c751e8b465ee728b)
Start importing Assets/Prefab/Table/Bandage using Guid(5e25b242d1030b949adecf9f2382c444) Importer(815301076,1909f56bfc062723c751e8b465ee728b)  -> (artifact id: '2fdbebf77c949d86e597faaee7eb18b2') in 0.025093 seconds 
========================================================================
Received Import Request.
  Time since last request: 0.079936 seconds.
  path: Assets/Prefab/Table/Bandage/Bandage.prefab
  artifactKey: Guid(f3e8daff92e6112408ce63cbbabb7458) Importer(815301076,1909f56bfc062723c751e8b465ee728b)
Start importing Assets/Prefab/Table/Bandage/Bandage.prefab using Guid(f3e8daff92e6112408ce63cbbabb7458) Importer(815301076,1909f56bfc062723c751e8b465ee728b)  -> (artifact id: '6a99084e9fe6531e15d6dc19000b3160') in 0.058420 seconds 
========================================================================
Received Import Request.
  Time since last request: 1.795545 seconds.
  path: Assets/Prefab/Table/medicine
  artifactKey: Guid(b989d6f4991d0d549877539bed4f8f90) Importer(815301076,1909f56bfc062723c751e8b465ee728b)
Start importing Assets/Prefab/Table/medicine using Guid(b989d6f4991d0d549877539bed4f8f90) Importer(815301076,1909f56bfc062723c751e8b465ee728b)  -> (artifact id: 'a214b49f244aa44c440c9e29824c1a97') in 0.022947 seconds 
========================================================================
Received Import Request.
  Time since last request: 0.077169 seconds.
  path: Assets/Prefab/Table/medicine/Bin.prefab
  artifactKey: Guid(76f61ca03f941264db12b566e40041a4) Importer(815301076,1909f56bfc062723c751e8b465ee728b)
Start importing Assets/Prefab/Table/medicine/Bin.prefab using Guid(76f61ca03f941264db12b566e40041a4) Importer(815301076,1909f56bfc062723c751e8b465ee728b)  -> (artifact id: 'b87b2b8484ee80a2305e100ead9a8d06') in 0.193013 seconds 
========================================================================
Received Import Request.
  Time since last request: 0.000020 seconds.
  path: Assets/Prefab/Table/medicine/Sphere.prefab
  artifactKey: Guid(333ad832feb972e4abe90d9cee1d99b8) Importer(815301076,1909f56bfc062723c751e8b465ee728b)
Start importing Assets/Prefab/Table/medicine/Sphere.prefab using Guid(333ad832feb972e4abe90d9cee1d99b8) Importer(815301076,1909f56bfc062723c751e8b465ee728b)  -> (artifact id: '7490ab4e9130b9c65f4970242d8e4a07') in 0.027096 seconds 
========================================================================
Received Import Request.
  Time since last request: 18.913272 seconds.
  path: Assets/Prefab/Table/medicine/Bin.prefab
  artifactKey: Guid(76f61ca03f941264db12b566e40041a4) Importer(815301076,1909f56bfc062723c751e8b465ee728b)
Start importing Assets/Prefab/Table/medicine/Bin.prefab using Guid(76f61ca03f941264db12b566e40041a4) Importer(815301076,1909f56bfc062723c751e8b465ee728b)  -> (artifact id: 'ff9013f226facef699390b6b92bb7661') in 0.052043 seconds 
========================================================================
Received Import Request.
  Time since last request: 4.532067 seconds.
  path: Assets/Prefab/Table/medicine/Bin.prefab
  artifactKey: Guid(76f61ca03f941264db12b566e40041a4) Importer(815301076,1909f56bfc062723c751e8b465ee728b)
Start importing Assets/Prefab/Table/medicine/Bin.prefab using Guid(76f61ca03f941264db12b566e40041a4) Importer(815301076,1909f56bfc062723c751e8b465ee728b)  -> (artifact id: '02c8eed3e2fbb1618582dad2d7e0afbf') in 0.040342 seconds 
========================================================================
Received Import Request.
  Time since last request: 5.076734 seconds.
  path: Assets/Prefab/Table/medicine/Bin.prefab
  artifactKey: Guid(76f61ca03f941264db12b566e40041a4) Importer(815301076,1909f56bfc062723c751e8b465ee728b)
Start importing Assets/Prefab/Table/medicine/Bin.prefab using Guid(76f61ca03f941264db12b566e40041a4) Importer(815301076,1909f56bfc062723c751e8b465ee728b)  -> (artifact id: '5411a292403cafc09fd202393105273e') in 0.043344 seconds 
========================================================================
Received Import Request.
  Time since last request: 3.796833 seconds.
  path: Assets/Prefab/Table/medicine/Bin.prefab
  artifactKey: Guid(76f61ca03f941264db12b566e40041a4) Importer(815301076,1909f56bfc062723c751e8b465ee728b)
Start importing Assets/Prefab/Table/medicine/Bin.prefab using Guid(76f61ca03f941264db12b566e40041a4) Importer(815301076,1909f56bfc062723c751e8b465ee728b)  -> (artifact id: '764eb839f37bcf0e8754f7ffc66dda8c') in 0.040192 seconds 
========================================================================
Received Import Request.
  Time since last request: 4.637819 seconds.
  path: Assets/Prefab/Table/medicine/Bin.prefab
  artifactKey: Guid(76f61ca03f941264db12b566e40041a4) Importer(815301076,1909f56bfc062723c751e8b465ee728b)
Start importing Assets/Prefab/Table/medicine/Bin.prefab using Guid(76f61ca03f941264db12b566e40041a4) Importer(815301076,1909f56bfc062723c751e8b465ee728b)  -> (artifact id: 'c1c0c4b2731b61ddb02cca9d4e5abb59') in 0.039534 seconds 
========================================================================
Received Import Request.
  Time since last request: 3.217085 seconds.
  path: Assets/Prefab/Table/medicine/Bin.prefab
  artifactKey: Guid(76f61ca03f941264db12b566e40041a4) Importer(815301076,1909f56bfc062723c751e8b465ee728b)
Start importing Assets/Prefab/Table/medicine/Bin.prefab using Guid(76f61ca03f941264db12b566e40041a4) Importer(815301076,1909f56bfc062723c751e8b465ee728b)  -> (artifact id: 'fa0cd532747551e4340705075ce929c5') in 0.042120 seconds 
========================================================================
Received Import Request.
  Time since last request: 2.195444 seconds.
  path: Assets/Prefab/Table/medicine/Bin.prefab
  artifactKey: Guid(76f61ca03f941264db12b566e40041a4) Importer(815301076,1909f56bfc062723c751e8b465ee728b)
Start importing Assets/Prefab/Table/medicine/Bin.prefab using Guid(76f61ca03f941264db12b566e40041a4) Importer(815301076,1909f56bfc062723c751e8b465ee728b)  -> (artifact id: '8c971d42d9e702eba425802e14684628') in 0.040753 seconds 
========================================================================
Received Prepare
Registering precompiled user dll's ...
Registered in 0.003081 seconds.
Begin MonoManager ReloadAssembly
Symbol file LoadedFromMemory doesn't match image D:\cooking\CookingGame\Library\PackageCache\com.unity.visualscripting@1.7.8\Editor\VisualScripting.Core\Dependencies\YamlDotNet\Unity.VisualScripting.YamlDotNet.dll
Symbol file LoadedFromMemory doesn't match image D:\cooking\CookingGame\Library\PackageCache\com.unity.visualscripting@1.7.8\Editor\VisualScripting.Core\Dependencies\DotNetZip\Unity.VisualScripting.IonicZip.dll
Native extension for WindowsStandalone target not found
Refreshing native plugins compatible for Editor in 0.91 ms, found 3 plugins.
Preloading 0 native plugins for Editor in 0.00 ms.
Mono: successfully reloaded assembly
- Completed reload, in  1.099 seconds
Domain Reload Profiling:
	ReloadAssembly (1100ms)
		BeginReloadAssembly (110ms)
			ExecutionOrderSort (0ms)
			DisableScriptedObjects (4ms)
			BackupInstance (0ms)
			ReleaseScriptingObjects (0ms)
			CreateAndSetChildDomain (34ms)
		EndReloadAssembly (908ms)
			LoadAssemblies (67ms)
			RebuildTransferFunctionScriptingTraits (0ms)
			SetupTypeCache (257ms)
			ReleaseScriptCaches (1ms)
			RebuildScriptCaches (42ms)
			SetupLoadedEditorAssemblies (487ms)
				LogAssemblyErrors (0ms)
				InitializePlatformSupportModulesInManaged (12ms)
				SetLoadedEditorAssemblies (1ms)
				RefreshPlugins (1ms)
				BeforeProcessingInitializeOnLoad (79ms)
				ProcessInitializeOnLoadAttributes (301ms)
				ProcessInitializeOnLoadMethodAttributes (91ms)
				AfterProcessingInitializeOnLoad (2ms)
				EditorAssembliesLoaded (0ms)
			ExecutionOrderSort2 (0ms)
			AwakeInstancesAfterBackupRestoration (5ms)
Platform modules already initialized, skipping
Refreshing native plugins compatible for Editor in 1.79 ms, found 3 plugins.
Preloading 0 native plugins for Editor in 0.00 ms.
Unloading 4967 Unused Serialized files (Serialized files now loaded: 0)
Unloading 36 unused Assets / (1.6 MB). Loaded Objects now: 5549.
Memory consumption went from 261.7 MB to 260.1 MB.
Total: 3.490700 ms (FindLiveObjects: 0.378100 ms CreateObjectMapping: 0.335500 ms MarkObjects: 2.408000 ms  DeleteObjects: 0.368200 ms)

AssetImportParameters requested are different than current active one (requested -> active):
  custom:video-decoder-ogg-theora: a1e56fd34408186e4bbccfd4996cb3dc -> 
  custom:container-muxer-webm: aa71ff27fc2769a1b78a27578f13a17b -> 
  custom:container-demuxer-webm: 4f35f7cbe854078d1ac9338744f61a02 -> 
  custom:video-encoder-webm-vp8: eb34c28f22e8b96e1ab97ce403110664 -> 
  custom:audio-encoder-webm-vorbis: bf7c407c2cedff20999df2af8eb42d56 -> 
  custom:framework-win-MediaFoundation: 216162199b28c13a410421893ffa2e32 -> 
  custom:container-demuxer-ogg: 62fdf1f143b41e24485cea50d1cbac27 -> 
  custom:video-decoder-webm-vp8: 9c59270c3fd7afecdb556c50c9e8de78 -> 
  custom:audio-decoder-ogg-vorbis: bf7c407c2cedff20999df2af8eb42d56 -> 
========================================================================
Received Import Request.
  Time since last request: 32.155470 seconds.
  path: Assets/Prefab/Table/medicine/Bin.prefab
  artifactKey: Guid(76f61ca03f941264db12b566e40041a4) Importer(815301076,1909f56bfc062723c751e8b465ee728b)
Start importing Assets/Prefab/Table/medicine/Bin.prefab using Guid(76f61ca03f941264db12b566e40041a4) Importer(815301076,1909f56bfc062723c751e8b465ee728b)  -> (artifact id: 'e2d6ef1bfa922a964a2e300e260085cc') in 0.139603 seconds 
========================================================================
Received Prepare
Registering precompiled user dll's ...
Registered in 0.003105 seconds.
Begin MonoManager ReloadAssembly
Symbol file LoadedFromMemory doesn't match image D:\cooking\CookingGame\Library\PackageCache\com.unity.visualscripting@1.7.8\Editor\VisualScripting.Core\Dependencies\YamlDotNet\Unity.VisualScripting.YamlDotNet.dll
Symbol file LoadedFromMemory doesn't match image D:\cooking\CookingGame\Library\PackageCache\com.unity.visualscripting@1.7.8\Editor\VisualScripting.Core\Dependencies\DotNetZip\Unity.VisualScripting.IonicZip.dll
Native extension for WindowsStandalone target not found
Refreshing native plugins compatible for Editor in 0.86 ms, found 3 plugins.
Preloading 0 native plugins for Editor in 0.00 ms.
Mono: successfully reloaded assembly
- Completed reload, in  1.083 seconds
Domain Reload Profiling:
	ReloadAssembly (1084ms)
		BeginReloadAssembly (118ms)
			ExecutionOrderSort (0ms)
			DisableScriptedObjects (4ms)
			BackupInstance (0ms)
			ReleaseScriptingObjects (0ms)
			CreateAndSetChildDomain (40ms)
		EndReloadAssembly (890ms)
			LoadAssemblies (67ms)
			RebuildTransferFunctionScriptingTraits (0ms)
			SetupTypeCache (256ms)
			ReleaseScriptCaches (2ms)
			RebuildScriptCaches (54ms)
			SetupLoadedEditorAssemblies (458ms)
				LogAssemblyErrors (0ms)
				InitializePlatformSupportModulesInManaged (11ms)
				SetLoadedEditorAssemblies (1ms)
				RefreshPlugins (1ms)
				BeforeProcessingInitializeOnLoad (76ms)
				ProcessInitializeOnLoadAttributes (296ms)
				ProcessInitializeOnLoadMethodAttributes (71ms)
				AfterProcessingInitializeOnLoad (2ms)
				EditorAssembliesLoaded (0ms)
			ExecutionOrderSort2 (0ms)
			AwakeInstancesAfterBackupRestoration (6ms)
Platform modules already initialized, skipping
Refreshing native plugins compatible for Editor in 1.85 ms, found 3 plugins.
Preloading 0 native plugins for Editor in 0.00 ms.
Unloading 4967 Unused Serialized files (Serialized files now loaded: 0)
Unloading 34 unused Assets / (1.6 MB). Loaded Objects now: 5564.
Memory consumption went from 261.7 MB to 260.1 MB.
Total: 3.761700 ms (FindLiveObjects: 0.401300 ms CreateObjectMapping: 0.370100 ms MarkObjects: 2.741400 ms  DeleteObjects: 0.248200 ms)

AssetImportParameters requested are different than current active one (requested -> active):
  custom:video-decoder-ogg-theora: a1e56fd34408186e4bbccfd4996cb3dc -> 
  custom:container-muxer-webm: aa71ff27fc2769a1b78a27578f13a17b -> 
  custom:container-demuxer-webm: 4f35f7cbe854078d1ac9338744f61a02 -> 
  custom:video-encoder-webm-vp8: eb34c28f22e8b96e1ab97ce403110664 -> 
  custom:audio-encoder-webm-vorbis: bf7c407c2cedff20999df2af8eb42d56 -> 
  custom:framework-win-MediaFoundation: 216162199b28c13a410421893ffa2e32 -> 
  custom:container-demuxer-ogg: 62fdf1f143b41e24485cea50d1cbac27 -> 
  custom:video-decoder-webm-vp8: 9c59270c3fd7afecdb556c50c9e8de78 -> 
  custom:audio-decoder-ogg-vorbis: bf7c407c2cedff20999df2af8eb42d56 -> 
========================================================================
Received Import Request.
  Time since last request: 27.153421 seconds.
  path: Assets/Scenes/Day 3.unity
  artifactKey: Guid(ee8a5cc2927e3f147b082824ed7def7e) Importer(815301076,1909f56bfc062723c751e8b465ee728b)
Start importing Assets/Scenes/Day 3.unity using Guid(ee8a5cc2927e3f147b082824ed7def7e) Importer(815301076,1909f56bfc062723c751e8b465ee728b)  -> (artifact id: 'ce056a0e416e13fc63a7ebca146a5307') in 0.013377 seconds 
========================================================================
Received Prepare
Registering precompiled user dll's ...
Registered in 0.003199 seconds.
Begin MonoManager ReloadAssembly
Symbol file LoadedFromMemory doesn't match image D:\cooking\CookingGame\Library\PackageCache\com.unity.visualscripting@1.7.8\Editor\VisualScripting.Core\Dependencies\YamlDotNet\Unity.VisualScripting.YamlDotNet.dll
Symbol file LoadedFromMemory doesn't match image D:\cooking\CookingGame\Library\PackageCache\com.unity.visualscripting@1.7.8\Editor\VisualScripting.Core\Dependencies\DotNetZip\Unity.VisualScripting.IonicZip.dll
Native extension for WindowsStandalone target not found
Refreshing native plugins compatible for Editor in 0.89 ms, found 3 plugins.
Preloading 0 native plugins for Editor in 0.00 ms.
Mono: successfully reloaded assembly
- Completed reload, in  1.064 seconds
Domain Reload Profiling:
	ReloadAssembly (1065ms)
		BeginReloadAssembly (108ms)
			ExecutionOrderSort (0ms)
			DisableScriptedObjects (4ms)
			BackupInstance (0ms)
			ReleaseScriptingObjects (0ms)
			CreateAndSetChildDomain (32ms)
		EndReloadAssembly (880ms)
			LoadAssemblies (70ms)
			RebuildTransferFunctionScriptingTraits (0ms)
			SetupTypeCache (272ms)
			ReleaseScriptCaches (2ms)
			RebuildScriptCaches (54ms)
			SetupLoadedEditorAssemblies (433ms)
				LogAssemblyErrors (0ms)
				InitializePlatformSupportModulesInManaged (11ms)
				SetLoadedEditorAssemblies (0ms)
				RefreshPlugins (1ms)
				BeforeProcessingInitializeOnLoad (72ms)
				ProcessInitializeOnLoadAttributes (280ms)
				ProcessInitializeOnLoadMethodAttributes (67ms)
				AfterProcessingInitializeOnLoad (2ms)
				EditorAssembliesLoaded (0ms)
			ExecutionOrderSort2 (0ms)
			AwakeInstancesAfterBackupRestoration (5ms)
Platform modules already initialized, skipping
Refreshing native plugins compatible for Editor in 1.80 ms, found 3 plugins.
Preloading 0 native plugins for Editor in 0.00 ms.
Unloading 4967 Unused Serialized files (Serialized files now loaded: 0)
Unloading 34 unused Assets / (1.6 MB). Loaded Objects now: 5579.
Memory consumption went from 261.7 MB to 260.1 MB.
Total: 3.617300 ms (FindLiveObjects: 0.418400 ms CreateObjectMapping: 0.411200 ms MarkObjects: 2.520400 ms  DeleteObjects: 0.266100 ms)

AssetImportParameters requested are different than current active one (requested -> active):
  custom:video-decoder-ogg-theora: a1e56fd34408186e4bbccfd4996cb3dc -> 
  custom:container-muxer-webm: aa71ff27fc2769a1b78a27578f13a17b -> 
  custom:container-demuxer-webm: 4f35f7cbe854078d1ac9338744f61a02 -> 
  custom:video-encoder-webm-vp8: eb34c28f22e8b96e1ab97ce403110664 -> 
  custom:audio-encoder-webm-vorbis: bf7c407c2cedff20999df2af8eb42d56 -> 
  custom:framework-win-MediaFoundation: 216162199b28c13a410421893ffa2e32 -> 
  custom:container-demuxer-ogg: 62fdf1f143b41e24485cea50d1cbac27 -> 
  custom:video-decoder-webm-vp8: 9c59270c3fd7afecdb556c50c9e8de78 -> 
  custom:audio-decoder-ogg-vorbis: bf7c407c2cedff20999df2af8eb42d56 -> 
========================================================================
Received Prepare
Registering precompiled user dll's ...
Registered in 0.002998 seconds.
Begin MonoManager ReloadAssembly
Symbol file LoadedFromMemory doesn't match image D:\cooking\CookingGame\Library\PackageCache\com.unity.visualscripting@1.7.8\Editor\VisualScripting.Core\Dependencies\YamlDotNet\Unity.VisualScripting.YamlDotNet.dll
Symbol file LoadedFromMemory doesn't match image D:\cooking\CookingGame\Library\PackageCache\com.unity.visualscripting@1.7.8\Editor\VisualScripting.Core\Dependencies\DotNetZip\Unity.VisualScripting.IonicZip.dll
Native extension for WindowsStandalone target not found
Refreshing native plugins compatible for Editor in 1.11 ms, found 3 plugins.
Preloading 0 native plugins for Editor in 0.00 ms.
Mono: successfully reloaded assembly
- Completed reload, in  1.052 seconds
Domain Reload Profiling:
	ReloadAssembly (1052ms)
		BeginReloadAssembly (111ms)
			ExecutionOrderSort (0ms)
			DisableScriptedObjects (4ms)
			BackupInstance (0ms)
			ReleaseScriptingObjects (0ms)
			CreateAndSetChildDomain (34ms)
		EndReloadAssembly (862ms)
			LoadAssemblies (68ms)
			RebuildTransferFunctionScriptingTraits (0ms)
			SetupTypeCache (256ms)
			ReleaseScriptCaches (2ms)
			RebuildScriptCaches (41ms)
			SetupLoadedEditorAssemblies (447ms)
				LogAssemblyErrors (0ms)
				InitializePlatformSupportModulesInManaged (12ms)
				SetLoadedEditorAssemblies (1ms)
				RefreshPlugins (1ms)
				BeforeProcessingInitializeOnLoad (77ms)
				ProcessInitializeOnLoadAttributes (288ms)
				ProcessInitializeOnLoadMethodAttributes (65ms)
				AfterProcessingInitializeOnLoad (3ms)
				EditorAssembliesLoaded (0ms)
			ExecutionOrderSort2 (0ms)
			AwakeInstancesAfterBackupRestoration (5ms)
Platform modules already initialized, skipping
Refreshing native plugins compatible for Editor in 1.73 ms, found 3 plugins.
Preloading 0 native plugins for Editor in 0.00 ms.
Unloading 4967 Unused Serialized files (Serialized files now loaded: 0)
Unloading 34 unused Assets / (1.6 MB). Loaded Objects now: 5594.
Memory consumption went from 261.7 MB to 260.1 MB.
Total: 4.198200 ms (FindLiveObjects: 0.372800 ms CreateObjectMapping: 0.489900 ms MarkObjects: 3.085000 ms  DeleteObjects: 0.249400 ms)

AssetImportParameters requested are different than current active one (requested -> active):
  custom:video-decoder-ogg-theora: a1e56fd34408186e4bbccfd4996cb3dc -> 
  custom:container-muxer-webm: aa71ff27fc2769a1b78a27578f13a17b -> 
  custom:container-demuxer-webm: 4f35f7cbe854078d1ac9338744f61a02 -> 
  custom:video-encoder-webm-vp8: eb34c28f22e8b96e1ab97ce403110664 -> 
  custom:audio-encoder-webm-vorbis: bf7c407c2cedff20999df2af8eb42d56 -> 
  custom:framework-win-MediaFoundation: 216162199b28c13a410421893ffa2e32 -> 
  custom:container-demuxer-ogg: 62fdf1f143b41e24485cea50d1cbac27 -> 
  custom:video-decoder-webm-vp8: 9c59270c3fd7afecdb556c50c9e8de78 -> 
  custom:audio-decoder-ogg-vorbis: bf7c407c2cedff20999df2af8eb42d56 -> 
========================================================================
Received Prepare
Registering precompiled user dll's ...
Registered in 0.003255 seconds.
Begin MonoManager ReloadAssembly
Symbol file LoadedFromMemory doesn't match image D:\cooking\CookingGame\Library\PackageCache\com.unity.visualscripting@1.7.8\Editor\VisualScripting.Core\Dependencies\YamlDotNet\Unity.VisualScripting.YamlDotNet.dll
Symbol file LoadedFromMemory doesn't match image D:\cooking\CookingGame\Library\PackageCache\com.unity.visualscripting@1.7.8\Editor\VisualScripting.Core\Dependencies\DotNetZip\Unity.VisualScripting.IonicZip.dll
Native extension for WindowsStandalone target not found
Refreshing native plugins compatible for Editor in 0.83 ms, found 3 plugins.
Preloading 0 native plugins for Editor in 0.00 ms.
Mono: successfully reloaded assembly
- Completed reload, in  1.078 seconds
Domain Reload Profiling:
	ReloadAssembly (1079ms)
		BeginReloadAssembly (107ms)
			ExecutionOrderSort (0ms)
			DisableScriptedObjects (4ms)
			BackupInstance (0ms)
			ReleaseScriptingObjects (0ms)
			CreateAndSetChildDomain (32ms)
		EndReloadAssembly (894ms)
			LoadAssemblies (65ms)
			RebuildTransferFunctionScriptingTraits (0ms)
			SetupTypeCache (272ms)
			ReleaseScriptCaches (2ms)
			RebuildScriptCaches (49ms)
			SetupLoadedEditorAssemblies (453ms)
				LogAssemblyErrors (0ms)
				InitializePlatformSupportModulesInManaged (11ms)
				SetLoadedEditorAssemblies (0ms)
				RefreshPlugins (1ms)
				BeforeProcessingInitializeOnLoad (71ms)
				ProcessInitializeOnLoadAttributes (297ms)
				ProcessInitializeOnLoadMethodAttributes (71ms)
				AfterProcessingInitializeOnLoad (2ms)
				EditorAssembliesLoaded (0ms)
			ExecutionOrderSort2 (0ms)
			AwakeInstancesAfterBackupRestoration (6ms)
Platform modules already initialized, skipping
Refreshing native plugins compatible for Editor in 1.94 ms, found 3 plugins.
Preloading 0 native plugins for Editor in 0.00 ms.
Unloading 4967 Unused Serialized files (Serialized files now loaded: 0)
Unloading 34 unused Assets / (1.6 MB). Loaded Objects now: 5609.
Memory consumption went from 261.7 MB to 260.1 MB.
Total: 3.597800 ms (FindLiveObjects: 0.391500 ms CreateObjectMapping: 0.370800 ms MarkObjects: 2.598800 ms  DeleteObjects: 0.235600 ms)

AssetImportParameters requested are different than current active one (requested -> active):
  custom:video-decoder-ogg-theora: a1e56fd34408186e4bbccfd4996cb3dc -> 
  custom:container-muxer-webm: aa71ff27fc2769a1b78a27578f13a17b -> 
  custom:container-demuxer-webm: 4f35f7cbe854078d1ac9338744f61a02 -> 
  custom:video-encoder-webm-vp8: eb34c28f22e8b96e1ab97ce403110664 -> 
  custom:audio-encoder-webm-vorbis: bf7c407c2cedff20999df2af8eb42d56 -> 
  custom:framework-win-MediaFoundation: 216162199b28c13a410421893ffa2e32 -> 
  custom:container-demuxer-ogg: 62fdf1f143b41e24485cea50d1cbac27 -> 
  custom:video-decoder-webm-vp8: 9c59270c3fd7afecdb556c50c9e8de78 -> 
  custom:audio-decoder-ogg-vorbis: bf7c407c2cedff20999df2af8eb42d56 -> 
========================================================================
Received Import Request.
  Time since last request: 102.033517 seconds.
  path: Assets/Prefab/Table/medicine/Bin.prefab
  artifactKey: Guid(76f61ca03f941264db12b566e40041a4) Importer(815301076,1909f56bfc062723c751e8b465ee728b)
Start importing Assets/Prefab/Table/medicine/Bin.prefab using Guid(76f61ca03f941264db12b566e40041a4) Importer(815301076,1909f56bfc062723c751e8b465ee728b)  -> (artifact id: '5bda11ee12e49fdc91f6d37030052afd') in 0.135674 seconds 
========================================================================
Received Import Request.
  Time since last request: 3.679792 seconds.
  path: Assets/Prefab/Table/medicine/Bin.prefab
  artifactKey: Guid(76f61ca03f941264db12b566e40041a4) Importer(815301076,1909f56bfc062723c751e8b465ee728b)
Start importing Assets/Prefab/Table/medicine/Bin.prefab using Guid(76f61ca03f941264db12b566e40041a4) Importer(815301076,1909f56bfc062723c751e8b465ee728b)  -> (artifact id: '3b86bcb1c5cad74fd759e4871826b4c9') in 0.051131 seconds 
========================================================================
Received Prepare
Registering precompiled user dll's ...
Registered in 0.003060 seconds.
Begin MonoManager ReloadAssembly
Symbol file LoadedFromMemory doesn't match image D:\cooking\CookingGame\Library\PackageCache\com.unity.visualscripting@1.7.8\Editor\VisualScripting.Core\Dependencies\YamlDotNet\Unity.VisualScripting.YamlDotNet.dll
Symbol file LoadedFromMemory doesn't match image D:\cooking\CookingGame\Library\PackageCache\com.unity.visualscripting@1.7.8\Editor\VisualScripting.Core\Dependencies\DotNetZip\Unity.VisualScripting.IonicZip.dll
Native extension for WindowsStandalone target not found
Refreshing native plugins compatible for Editor in 1.04 ms, found 3 plugins.
Preloading 0 native plugins for Editor in 0.00 ms.
Mono: successfully reloaded assembly
- Completed reload, in  1.068 seconds
Domain Reload Profiling:
	ReloadAssembly (1069ms)
		BeginReloadAssembly (112ms)
			ExecutionOrderSort (0ms)
			DisableScriptedObjects (4ms)
			BackupInstance (0ms)
			ReleaseScriptingObjects (0ms)
			CreateAndSetChildDomain (35ms)
		EndReloadAssembly (882ms)
			LoadAssemblies (68ms)
			RebuildTransferFunctionScriptingTraits (0ms)
			SetupTypeCache (254ms)
			ReleaseScriptCaches (2ms)
			RebuildScriptCaches (48ms)
			SetupLoadedEditorAssemblies (458ms)
				LogAssemblyErrors (0ms)
				InitializePlatformSupportModulesInManaged (12ms)
				SetLoadedEditorAssemblies (1ms)
				RefreshPlugins (1ms)
				BeforeProcessingInitializeOnLoad (74ms)
				ProcessInitializeOnLoadAttributes (296ms)
				ProcessInitializeOnLoadMethodAttributes (72ms)
				AfterProcessingInitializeOnLoad (3ms)
				EditorAssembliesLoaded (0ms)
			ExecutionOrderSort2 (0ms)
			AwakeInstancesAfterBackupRestoration (6ms)
Platform modules already initialized, skipping
Refreshing native plugins compatible for Editor in 1.97 ms, found 3 plugins.
Preloading 0 native plugins for Editor in 0.00 ms.
Unloading 4967 Unused Serialized files (Serialized files now loaded: 0)
Unloading 34 unused Assets / (1.6 MB). Loaded Objects now: 5624.
Memory consumption went from 261.7 MB to 260.1 MB.
Total: 3.960500 ms (FindLiveObjects: 0.391100 ms CreateObjectMapping: 0.437500 ms MarkObjects: 2.890400 ms  DeleteObjects: 0.240700 ms)

AssetImportParameters requested are different than current active one (requested -> active):
  custom:video-decoder-ogg-theora: a1e56fd34408186e4bbccfd4996cb3dc -> 
  custom:container-muxer-webm: aa71ff27fc2769a1b78a27578f13a17b -> 
  custom:container-demuxer-webm: 4f35f7cbe854078d1ac9338744f61a02 -> 
  custom:video-encoder-webm-vp8: eb34c28f22e8b96e1ab97ce403110664 -> 
  custom:audio-encoder-webm-vorbis: bf7c407c2cedff20999df2af8eb42d56 -> 
  custom:framework-win-MediaFoundation: 216162199b28c13a410421893ffa2e32 -> 
  custom:container-demuxer-ogg: 62fdf1f143b41e24485cea50d1cbac27 -> 
  custom:video-decoder-webm-vp8: 9c59270c3fd7afecdb556c50c9e8de78 -> 
  custom:audio-decoder-ogg-vorbis: bf7c407c2cedff20999df2af8eb42d56 -> 
========================================================================
Received Import Request.
  Time since last request: 25.008567 seconds.
  path: Assets/Scenes/Day 2.unity
  artifactKey: Guid(7c6b1d4170a3c7e42b7566c863c06e82) Importer(815301076,1909f56bfc062723c751e8b465ee728b)
Start importing Assets/Scenes/Day 2.unity using Guid(7c6b1d4170a3c7e42b7566c863c06e82) Importer(815301076,1909f56bfc062723c751e8b465ee728b)  -> (artifact id: 'e84b080d683da4ba99764ba7e405daac') in 0.012701 seconds 
========================================================================
Received Prepare
Registering precompiled user dll's ...
Registered in 0.003109 seconds.
Begin MonoManager ReloadAssembly
Symbol file LoadedFromMemory doesn't match image D:\cooking\CookingGame\Library\PackageCache\com.unity.visualscripting@1.7.8\Editor\VisualScripting.Core\Dependencies\YamlDotNet\Unity.VisualScripting.YamlDotNet.dll
Symbol file LoadedFromMemory doesn't match image D:\cooking\CookingGame\Library\PackageCache\com.unity.visualscripting@1.7.8\Editor\VisualScripting.Core\Dependencies\DotNetZip\Unity.VisualScripting.IonicZip.dll
Native extension for WindowsStandalone target not found
Refreshing native plugins compatible for Editor in 1.15 ms, found 3 plugins.
Preloading 0 native plugins for Editor in 0.00 ms.
Mono: successfully reloaded assembly
- Completed reload, in  1.058 seconds
Domain Reload Profiling:
	ReloadAssembly (1059ms)
		BeginReloadAssembly (120ms)
			ExecutionOrderSort (0ms)
			DisableScriptedObjects (5ms)
			BackupInstance (0ms)
			ReleaseScriptingObjects (0ms)
			CreateAndSetChildDomain (38ms)
		EndReloadAssembly (860ms)
			LoadAssemblies (68ms)
			RebuildTransferFunctionScriptingTraits (0ms)
			SetupTypeCache (252ms)
			ReleaseScriptCaches (2ms)
			RebuildScriptCaches (42ms)
			SetupLoadedEditorAssemblies (454ms)
				LogAssemblyErrors (0ms)
				InitializePlatformSupportModulesInManaged (10ms)
				SetLoadedEditorAssemblies (0ms)
				RefreshPlugins (1ms)
				BeforeProcessingInitializeOnLoad (75ms)
				ProcessInitializeOnLoadAttributes (295ms)
				ProcessInitializeOnLoadMethodAttributes (69ms)
				AfterProcessingInitializeOnLoad (2ms)
				EditorAssembliesLoaded (0ms)
			ExecutionOrderSort2 (0ms)
			AwakeInstancesAfterBackupRestoration (6ms)
Platform modules already initialized, skipping
Refreshing native plugins compatible for Editor in 1.95 ms, found 3 plugins.
Preloading 0 native plugins for Editor in 0.00 ms.
Unloading 4967 Unused Serialized files (Serialized files now loaded: 0)
Unloading 34 unused Assets / (1.6 MB). Loaded Objects now: 5639.
Memory consumption went from 261.8 MB to 260.2 MB.
Total: 3.844800 ms (FindLiveObjects: 0.426100 ms CreateObjectMapping: 0.326100 ms MarkObjects: 2.799200 ms  DeleteObjects: 0.292300 ms)

AssetImportParameters requested are different than current active one (requested -> active):
  custom:video-decoder-ogg-theora: a1e56fd34408186e4bbccfd4996cb3dc -> 
  custom:container-muxer-webm: aa71ff27fc2769a1b78a27578f13a17b -> 
  custom:container-demuxer-webm: 4f35f7cbe854078d1ac9338744f61a02 -> 
  custom:video-encoder-webm-vp8: eb34c28f22e8b96e1ab97ce403110664 -> 
  custom:audio-encoder-webm-vorbis: bf7c407c2cedff20999df2af8eb42d56 -> 
  custom:framework-win-MediaFoundation: 216162199b28c13a410421893ffa2e32 -> 
  custom:container-demuxer-ogg: 62fdf1f143b41e24485cea50d1cbac27 -> 
  custom:video-decoder-webm-vp8: 9c59270c3fd7afecdb556c50c9e8de78 -> 
  custom:audio-decoder-ogg-vorbis: bf7c407c2cedff20999df2af8eb42d56 -> 
========================================================================
Received Import Request.
  Time since last request: 13.555741 seconds.
  path: Assets/Scenes/Day 3.unity
  artifactKey: Guid(ee8a5cc2927e3f147b082824ed7def7e) Importer(815301076,1909f56bfc062723c751e8b465ee728b)
Start importing Assets/Scenes/Day 3.unity using Guid(ee8a5cc2927e3f147b082824ed7def7e) Importer(815301076,1909f56bfc062723c751e8b465ee728b)  -> (artifact id: '08fd0d5ef16edda9340c35c6a2cf300a') in 0.006339 seconds 
========================================================================
Received Prepare
Registering precompiled user dll's ...
Registered in 0.002970 seconds.
Begin MonoManager ReloadAssembly
Symbol file LoadedFromMemory doesn't match image D:\cooking\CookingGame\Library\PackageCache\com.unity.visualscripting@1.7.8\Editor\VisualScripting.Core\Dependencies\YamlDotNet\Unity.VisualScripting.YamlDotNet.dll
Symbol file LoadedFromMemory doesn't match image D:\cooking\CookingGame\Library\PackageCache\com.unity.visualscripting@1.7.8\Editor\VisualScripting.Core\Dependencies\DotNetZip\Unity.VisualScripting.IonicZip.dll
Native extension for WindowsStandalone target not found
Refreshing native plugins compatible for Editor in 1.13 ms, found 3 plugins.
Preloading 0 native plugins for Editor in 0.00 ms.
Mono: successfully reloaded assembly
- Completed reload, in  1.054 seconds
Domain Reload Profiling:
	ReloadAssembly (1054ms)
		BeginReloadAssembly (110ms)
			ExecutionOrderSort (0ms)
			DisableScriptedObjects (4ms)
			BackupInstance (0ms)
			ReleaseScriptingObjects (0ms)
			CreateAndSetChildDomain (31ms)
		EndReloadAssembly (864ms)
			LoadAssemblies (68ms)
			RebuildTransferFunctionScriptingTraits (0ms)
			SetupTypeCache (258ms)
			ReleaseScriptCaches (2ms)
			RebuildScriptCaches (44ms)
			SetupLoadedEditorAssemblies (444ms)
				LogAssemblyErrors (0ms)
				InitializePlatformSupportModulesInManaged (12ms)
				SetLoadedEditorAssemblies (1ms)
				RefreshPlugins (1ms)
				BeforeProcessingInitializeOnLoad (77ms)
				ProcessInitializeOnLoadAttributes (283ms)
				ProcessInitializeOnLoadMethodAttributes (67ms)
				AfterProcessingInitializeOnLoad (3ms)
				EditorAssembliesLoaded (0ms)
			ExecutionOrderSort2 (0ms)
			AwakeInstancesAfterBackupRestoration (5ms)
Platform modules already initialized, skipping
Refreshing native plugins compatible for Editor in 1.75 ms, found 3 plugins.
Preloading 0 native plugins for Editor in 0.00 ms.
Unloading 4967 Unused Serialized files (Serialized files now loaded: 0)
Unloading 34 unused Assets / (1.6 MB). Loaded Objects now: 5654.
Memory consumption went from 261.8 MB to 260.2 MB.
Total: 4.434100 ms (FindLiveObjects: 0.550800 ms CreateObjectMapping: 0.402100 ms MarkObjects: 3.176200 ms  DeleteObjects: 0.303700 ms)

AssetImportParameters requested are different than current active one (requested -> active):
  custom:video-decoder-ogg-theora: a1e56fd34408186e4bbccfd4996cb3dc -> 
  custom:container-muxer-webm: aa71ff27fc2769a1b78a27578f13a17b -> 
  custom:container-demuxer-webm: 4f35f7cbe854078d1ac9338744f61a02 -> 
  custom:video-encoder-webm-vp8: eb34c28f22e8b96e1ab97ce403110664 -> 
  custom:audio-encoder-webm-vorbis: bf7c407c2cedff20999df2af8eb42d56 -> 
  custom:framework-win-MediaFoundation: 216162199b28c13a410421893ffa2e32 -> 
  custom:container-demuxer-ogg: 62fdf1f143b41e24485cea50d1cbac27 -> 
  custom:video-decoder-webm-vp8: 9c59270c3fd7afecdb556c50c9e8de78 -> 
  custom:audio-decoder-ogg-vorbis: bf7c407c2cedff20999df2af8eb42d56 -> 
========================================================================
Received Import Request.
  Time since last request: 87.090116 seconds.
  path: Assets/Material/Magic Cauldron.png
  artifactKey: Guid(1b3a2e3f148cc374d9514bd450851984) Importer(815301076,1909f56bfc062723c751e8b465ee728b)
Start importing Assets/Material/Magic Cauldron.png using Guid(1b3a2e3f148cc374d9514bd450851984) Importer(815301076,1909f56bfc062723c751e8b465ee728b)  -> (artifact id: '0148a4d7b2d6e12dc9013a606b533006') in 0.087343 seconds 
========================================================================
Received Import Request.
  Time since last request: 20.049538 seconds.
  path: Assets/Prefab/Table/Minigame/minigame.prefab
  artifactKey: Guid(b80ff6eb902217449906709bb8fa15c9) Importer(815301076,1909f56bfc062723c751e8b465ee728b)
Start importing Assets/Prefab/Table/Minigame/minigame.prefab using Guid(b80ff6eb902217449906709bb8fa15c9) Importer(815301076,1909f56bfc062723c751e8b465ee728b)  -> (artifact id: '52ef264ced1e3bf8036a8f8a90a7ec77') in 0.079940 seconds 
========================================================================
Received Import Request.
  Time since last request: 11.758202 seconds.
  path: Assets/Prefab/map
  artifactKey: Guid(ac8bc4497fc08af4e84594bddca55863) Importer(815301076,1909f56bfc062723c751e8b465ee728b)
Start importing Assets/Prefab/map using Guid(ac8bc4497fc08af4e84594bddca55863) Importer(815301076,1909f56bfc062723c751e8b465ee728b)  -> (artifact id: '296349b9140afffd5c29754e3a3eccdf') in 0.007279 seconds 
========================================================================
Received Import Request.
  Time since last request: 15.310594 seconds.
  path: Assets/Prefab/Table/medicine/Bin.prefab
  artifactKey: Guid(76f61ca03f941264db12b566e40041a4) Importer(815301076,1909f56bfc062723c751e8b465ee728b)
Start importing Assets/Prefab/Table/medicine/Bin.prefab using Guid(76f61ca03f941264db12b566e40041a4) Importer(815301076,1909f56bfc062723c751e8b465ee728b)  -> (artifact id: '9dab6a0f90bc3ce9f8abd68fb8acaf04') in 0.074247 seconds 
========================================================================
Received Import Request.
  Time since last request: 6.756394 seconds.
  path: Assets/Prefab/Table/medicine/Bin.prefab
  artifactKey: Guid(76f61ca03f941264db12b566e40041a4) Importer(815301076,1909f56bfc062723c751e8b465ee728b)
Start importing Assets/Prefab/Table/medicine/Bin.prefab using Guid(76f61ca03f941264db12b566e40041a4) Importer(815301076,1909f56bfc062723c751e8b465ee728b)  -> (artifact id: '93a23fc1e9bdc1b50531c5726f9813e7') in 0.035430 seconds 
========================================================================
Received Import Request.
  Time since last request: 0.758548 seconds.
  path: Assets/Prefab/Table/medicine/Bin.prefab
  artifactKey: Guid(76f61ca03f941264db12b566e40041a4) Importer(815301076,1909f56bfc062723c751e8b465ee728b)
Start importing Assets/Prefab/Table/medicine/Bin.prefab using Guid(76f61ca03f941264db12b566e40041a4) Importer(815301076,1909f56bfc062723c751e8b465ee728b)  -> (artifact id: 'b972e98ac151863bd0c27c2e26b7001c') in 0.038999 seconds 
========================================================================
Received Prepare
Registering precompiled user dll's ...
Registered in 0.003020 seconds.
Begin MonoManager ReloadAssembly
Symbol file LoadedFromMemory doesn't match image D:\cooking\CookingGame\Library\PackageCache\com.unity.visualscripting@1.7.8\Editor\VisualScripting.Core\Dependencies\YamlDotNet\Unity.VisualScripting.YamlDotNet.dll
Symbol file LoadedFromMemory doesn't match image D:\cooking\CookingGame\Library\PackageCache\com.unity.visualscripting@1.7.8\Editor\VisualScripting.Core\Dependencies\DotNetZip\Unity.VisualScripting.IonicZip.dll
Native extension for WindowsStandalone target not found
Refreshing native plugins compatible for Editor in 0.79 ms, found 3 plugins.
Preloading 0 native plugins for Editor in 0.00 ms.
Mono: successfully reloaded assembly
- Completed reload, in  1.038 seconds
Domain Reload Profiling:
	ReloadAssembly (1038ms)
		BeginReloadAssembly (108ms)
			ExecutionOrderSort (0ms)
			DisableScriptedObjects (4ms)
			BackupInstance (0ms)
			ReleaseScriptingObjects (0ms)
			CreateAndSetChildDomain (33ms)
		EndReloadAssembly (853ms)
			LoadAssemblies (66ms)
			RebuildTransferFunctionScriptingTraits (0ms)
			SetupTypeCache (258ms)
			ReleaseScriptCaches (2ms)
			RebuildScriptCaches (46ms)
			SetupLoadedEditorAssemblies (441ms)
				LogAssemblyErrors (0ms)
				InitializePlatformSupportModulesInManaged (11ms)
				SetLoadedEditorAssemblies (0ms)
				RefreshPlugins (1ms)
				BeforeProcessingInitializeOnLoad (65ms)
				ProcessInitializeOnLoadAttributes (293ms)
				ProcessInitializeOnLoadMethodAttributes (68ms)
				AfterProcessingInitializeOnLoad (3ms)
				EditorAssembliesLoaded (0ms)
			ExecutionOrderSort2 (0ms)
			AwakeInstancesAfterBackupRestoration (6ms)
Platform modules already initialized, skipping
Refreshing native plugins compatible for Editor in 1.92 ms, found 3 plugins.
Preloading 0 native plugins for Editor in 0.00 ms.
Unloading 4967 Unused Serialized files (Serialized files now loaded: 0)
Unloading 36 unused Assets / (1.6 MB). Loaded Objects now: 5669.
Memory consumption went from 261.9 MB to 260.3 MB.
Total: 3.411700 ms (FindLiveObjects: 0.400700 ms CreateObjectMapping: 0.329000 ms MarkObjects: 2.362200 ms  DeleteObjects: 0.318600 ms)

AssetImportParameters requested are different than current active one (requested -> active):
  custom:video-decoder-ogg-theora: a1e56fd34408186e4bbccfd4996cb3dc -> 
  custom:container-muxer-webm: aa71ff27fc2769a1b78a27578f13a17b -> 
  custom:container-demuxer-webm: 4f35f7cbe854078d1ac9338744f61a02 -> 
  custom:video-encoder-webm-vp8: eb34c28f22e8b96e1ab97ce403110664 -> 
  custom:audio-encoder-webm-vorbis: bf7c407c2cedff20999df2af8eb42d56 -> 
  custom:framework-win-MediaFoundation: 216162199b28c13a410421893ffa2e32 -> 
  custom:container-demuxer-ogg: 62fdf1f143b41e24485cea50d1cbac27 -> 
  custom:video-decoder-webm-vp8: 9c59270c3fd7afecdb556c50c9e8de78 -> 
  custom:audio-decoder-ogg-vorbis: bf7c407c2cedff20999df2af8eb42d56 -> 
========================================================================
Received Import Request.
  Time since last request: 19.469757 seconds.
  path: Assets/Prefab/Table/medicine/Bin.prefab
  artifactKey: Guid(76f61ca03f941264db12b566e40041a4) Importer(815301076,1909f56bfc062723c751e8b465ee728b)
Start importing Assets/Prefab/Table/medicine/Bin.prefab using Guid(76f61ca03f941264db12b566e40041a4) Importer(815301076,1909f56bfc062723c751e8b465ee728b)  -> (artifact id: 'c0ebd370b6ef409f03b3ca12e31f0455') in 0.119162 seconds 
========================================================================
Received Import Request.
  Time since last request: 54.838538 seconds.
  path: Assets/Prefab/Table/medicine/Bin.prefab
  artifactKey: Guid(76f61ca03f941264db12b566e40041a4) Importer(815301076,1909f56bfc062723c751e8b465ee728b)
Start importing Assets/Prefab/Table/medicine/Bin.prefab using Guid(76f61ca03f941264db12b566e40041a4) Importer(815301076,1909f56bfc062723c751e8b465ee728b)  -> (artifact id: 'cf77012a3038f0c82db21f20292bdcd3') in 0.039262 seconds 
========================================================================
Received Prepare
Registering precompiled user dll's ...
Registered in 0.003094 seconds.
Begin MonoManager ReloadAssembly
Symbol file LoadedFromMemory doesn't match image D:\cooking\CookingGame\Library\PackageCache\com.unity.visualscripting@1.7.8\Editor\VisualScripting.Core\Dependencies\YamlDotNet\Unity.VisualScripting.YamlDotNet.dll
Symbol file LoadedFromMemory doesn't match image D:\cooking\CookingGame\Library\PackageCache\com.unity.visualscripting@1.7.8\Editor\VisualScripting.Core\Dependencies\DotNetZip\Unity.VisualScripting.IonicZip.dll
Native extension for WindowsStandalone target not found
Refreshing native plugins compatible for Editor in 0.79 ms, found 3 plugins.
Preloading 0 native plugins for Editor in 0.00 ms.
Mono: successfully reloaded assembly
- Completed reload, in  1.031 seconds
Domain Reload Profiling:
	ReloadAssembly (1032ms)
		BeginReloadAssembly (113ms)
			ExecutionOrderSort (0ms)
			DisableScriptedObjects (4ms)
			BackupInstance (0ms)
			ReleaseScriptingObjects (0ms)
			CreateAndSetChildDomain (35ms)
		EndReloadAssembly (836ms)
			LoadAssemblies (70ms)
			RebuildTransferFunctionScriptingTraits (0ms)
			SetupTypeCache (253ms)
			ReleaseScriptCaches (2ms)
			RebuildScriptCaches (42ms)
			SetupLoadedEditorAssemblies (432ms)
				LogAssemblyErrors (0ms)
				InitializePlatformSupportModulesInManaged (9ms)
				SetLoadedEditorAssemblies (0ms)
				RefreshPlugins (1ms)
				BeforeProcessingInitializeOnLoad (67ms)
				ProcessInitializeOnLoadAttributes (285ms)
				ProcessInitializeOnLoadMethodAttributes (67ms)
				AfterProcessingInitializeOnLoad (2ms)
				EditorAssembliesLoaded (0ms)
			ExecutionOrderSort2 (0ms)
			AwakeInstancesAfterBackupRestoration (5ms)
Platform modules already initialized, skipping
Refreshing native plugins compatible for Editor in 1.88 ms, found 3 plugins.
Preloading 0 native plugins for Editor in 0.00 ms.
Unloading 4967 Unused Serialized files (Serialized files now loaded: 0)
Unloading 34 unused Assets / (1.6 MB). Loaded Objects now: 5684.
Memory consumption went from 261.9 MB to 260.3 MB.
Total: 3.854700 ms (FindLiveObjects: 0.413100 ms CreateObjectMapping: 0.317900 ms MarkObjects: 2.855700 ms  DeleteObjects: 0.267000 ms)

AssetImportParameters requested are different than current active one (requested -> active):
  custom:video-decoder-ogg-theora: a1e56fd34408186e4bbccfd4996cb3dc -> 
  custom:container-muxer-webm: aa71ff27fc2769a1b78a27578f13a17b -> 
  custom:container-demuxer-webm: 4f35f7cbe854078d1ac9338744f61a02 -> 
  custom:video-encoder-webm-vp8: eb34c28f22e8b96e1ab97ce403110664 -> 
  custom:audio-encoder-webm-vorbis: bf7c407c2cedff20999df2af8eb42d56 -> 
  custom:framework-win-MediaFoundation: 216162199b28c13a410421893ffa2e32 -> 
  custom:container-demuxer-ogg: 62fdf1f143b41e24485cea50d1cbac27 -> 
  custom:video-decoder-webm-vp8: 9c59270c3fd7afecdb556c50c9e8de78 -> 
  custom:audio-decoder-ogg-vorbis: bf7c407c2cedff20999df2af8eb42d56 -> 
========================================================================
Received Import Request.
  Time since last request: 33.736695 seconds.
  path: Assets/Prefab/Table/medicine/Bin.prefab
  artifactKey: Guid(76f61ca03f941264db12b566e40041a4) Importer(815301076,1909f56bfc062723c751e8b465ee728b)
Start importing Assets/Prefab/Table/medicine/Bin.prefab using Guid(76f61ca03f941264db12b566e40041a4) Importer(815301076,1909f56bfc062723c751e8b465ee728b)  -> (artifact id: '08f9e84c09e814124215a35395b7e6d7') in 0.117471 seconds 
========================================================================
Received Prepare
Registering precompiled user dll's ...
Registered in 0.003116 seconds.
Begin MonoManager ReloadAssembly
Symbol file LoadedFromMemory doesn't match image D:\cooking\CookingGame\Library\PackageCache\com.unity.visualscripting@1.7.8\Editor\VisualScripting.Core\Dependencies\YamlDotNet\Unity.VisualScripting.YamlDotNet.dll
Symbol file LoadedFromMemory doesn't match image D:\cooking\CookingGame\Library\PackageCache\com.unity.visualscripting@1.7.8\Editor\VisualScripting.Core\Dependencies\DotNetZip\Unity.VisualScripting.IonicZip.dll
Native extension for WindowsStandalone target not found
Refreshing native plugins compatible for Editor in 0.84 ms, found 3 plugins.
Preloading 0 native plugins for Editor in 0.00 ms.
Mono: successfully reloaded assembly
- Completed reload, in  1.047 seconds
Domain Reload Profiling:
	ReloadAssembly (1048ms)
		BeginReloadAssembly (121ms)
			ExecutionOrderSort (0ms)
			DisableScriptedObjects (4ms)
			BackupInstance (0ms)
			ReleaseScriptingObjects (0ms)
			CreateAndSetChildDomain (36ms)
		EndReloadAssembly (847ms)
			LoadAssemblies (69ms)
			RebuildTransferFunctionScriptingTraits (0ms)
			SetupTypeCache (247ms)
			ReleaseScriptCaches (2ms)
			RebuildScriptCaches (45ms)
			SetupLoadedEditorAssemblies (441ms)
				LogAssemblyErrors (0ms)
				InitializePlatformSupportModulesInManaged (11ms)
				SetLoadedEditorAssemblies (0ms)
				RefreshPlugins (1ms)
				BeforeProcessingInitializeOnLoad (70ms)
				ProcessInitializeOnLoadAttributes (285ms)
				ProcessInitializeOnLoadMethodAttributes (71ms)
				AfterProcessingInitializeOnLoad (2ms)
				EditorAssembliesLoaded (0ms)
			ExecutionOrderSort2 (0ms)
			AwakeInstancesAfterBackupRestoration (6ms)
Platform modules already initialized, skipping
Refreshing native plugins compatible for Editor in 1.85 ms, found 3 plugins.
Preloading 0 native plugins for Editor in 0.00 ms.
Unloading 4967 Unused Serialized files (Serialized files now loaded: 0)
Unloading 34 unused Assets / (1.6 MB). Loaded Objects now: 5699.
Memory consumption went from 262.1 MB to 260.5 MB.
Total: 3.405000 ms (FindLiveObjects: 0.382500 ms CreateObjectMapping: 0.297800 ms MarkObjects: 2.467100 ms  DeleteObjects: 0.256500 ms)

AssetImportParameters requested are different than current active one (requested -> active):
  custom:video-decoder-ogg-theora: a1e56fd34408186e4bbccfd4996cb3dc -> 
  custom:container-muxer-webm: aa71ff27fc2769a1b78a27578f13a17b -> 
  custom:container-demuxer-webm: 4f35f7cbe854078d1ac9338744f61a02 -> 
  custom:video-encoder-webm-vp8: eb34c28f22e8b96e1ab97ce403110664 -> 
  custom:audio-encoder-webm-vorbis: bf7c407c2cedff20999df2af8eb42d56 -> 
  custom:framework-win-MediaFoundation: 216162199b28c13a410421893ffa2e32 -> 
  custom:container-demuxer-ogg: 62fdf1f143b41e24485cea50d1cbac27 -> 
  custom:video-decoder-webm-vp8: 9c59270c3fd7afecdb556c50c9e8de78 -> 
  custom:audio-decoder-ogg-vorbis: bf7c407c2cedff20999df2af8eb42d56 -> 
========================================================================
Received Import Request.
  Time since last request: 199.622174 seconds.
  path: Assets/Scenes/Day 1.unity
  artifactKey: Guid(70756cc23d40a9c4097f6f89902a30cc) Importer(815301076,1909f56bfc062723c751e8b465ee728b)
Start importing Assets/Scenes/Day 1.unity using Guid(70756cc23d40a9c4097f6f89902a30cc) Importer(815301076,1909f56bfc062723c751e8b465ee728b)  -> (artifact id: 'fed61d340ab32670812e7426bb885029') in 0.016674 seconds 
========================================================================
Received Import Request.
  Time since last request: 3.191096 seconds.
  path: Assets/Scenes/Day 3.unity
  artifactKey: Guid(ee8a5cc2927e3f147b082824ed7def7e) Importer(815301076,1909f56bfc062723c751e8b465ee728b)
Start importing Assets/Scenes/Day 3.unity using Guid(ee8a5cc2927e3f147b082824ed7def7e) Importer(815301076,1909f56bfc062723c751e8b465ee728b)  -> (artifact id: '66ab510c4bfebbfb94c02c6e0fae834b') in 0.001679 seconds 
========================================================================
Received Import Request.
  Time since last request: 52.231073 seconds.
  path: Assets/Model/Map/Pot.fbx
  artifactKey: Guid(4febd30e2f0fbb5439258dfabac69cec) Importer(815301076,1909f56bfc062723c751e8b465ee728b)
Start importing Assets/Model/Map/Pot.fbx using Guid(4febd30e2f0fbb5439258dfabac69cec) Importer(815301076,1909f56bfc062723c751e8b465ee728b)  -> (artifact id: '659d0448eab741473cb9eccf47d7d63e') in 0.315859 seconds 
========================================================================
Received Import Request.
  Time since last request: 235.922211 seconds.
  path: Assets/Prefab/Table/Orange/Orange.prefab
  artifactKey: Guid(5ff988c5298c51a42bd7322a21241ebc) Importer(815301076,1909f56bfc062723c751e8b465ee728b)
Start importing Assets/Prefab/Table/Orange/Orange.prefab using Guid(5ff988c5298c51a42bd7322a21241ebc) Importer(815301076,1909f56bfc062723c751e8b465ee728b)  -> (artifact id: 'ad6bcb8fd24c795d86907ebe7cb115b1') in 0.093778 seconds 
========================================================================
Received Import Request.
  Time since last request: 1.713052 seconds.
  path: Assets/Scenes/Day 3.unity
  artifactKey: Guid(ee8a5cc2927e3f147b082824ed7def7e) Importer(815301076,1909f56bfc062723c751e8b465ee728b)
Start importing Assets/Scenes/Day 3.unity using Guid(ee8a5cc2927e3f147b082824ed7def7e) Importer(815301076,1909f56bfc062723c751e8b465ee728b)  -> (artifact id: '169f9c149e905e82db8c7fc4f0ecab66') in 0.002246 seconds 
========================================================================
Received Import Request.
  Time since last request: 526.277707 seconds.
  path: Assets/Scenes/Day 2.unity
  artifactKey: Guid(7c6b1d4170a3c7e42b7566c863c06e82) Importer(815301076,1909f56bfc062723c751e8b465ee728b)
Start importing Assets/Scenes/Day 2.unity using Guid(7c6b1d4170a3c7e42b7566c863c06e82) Importer(815301076,1909f56bfc062723c751e8b465ee728b)  -> (artifact id: '37dafedd2f94409d46c1f9c84fb2a060') in 0.002882 seconds 
========================================================================
Received Import Request.
  Time since last request: 0.806466 seconds.
  path: Assets/Scenes/Day 1.unity
  artifactKey: Guid(70756cc23d40a9c4097f6f89902a30cc) Importer(815301076,1909f56bfc062723c751e8b465ee728b)
Start importing Assets/Scenes/Day 1.unity using Guid(70756cc23d40a9c4097f6f89902a30cc) Importer(815301076,1909f56bfc062723c751e8b465ee728b)  -> (artifact id: 'b598163d7fa8f3a02b0a1b8e2124d1ab') in 0.001443 seconds 
========================================================================
Received Import Request.
  Time since last request: 298.577087 seconds.
  path: Assets/Scenes/Day 3.unity
  artifactKey: Guid(ee8a5cc2927e3f147b082824ed7def7e) Importer(815301076,1909f56bfc062723c751e8b465ee728b)
Start importing Assets/Scenes/Day 3.unity using Guid(ee8a5cc2927e3f147b082824ed7def7e) Importer(815301076,1909f56bfc062723c751e8b465ee728b)  -> (artifact id: '3c825a9fc878078e325e838abb78abe9') in 0.001875 seconds 
========================================================================
Received Import Request.
  Time since last request: 1.796093 seconds.
  path: Assets/Scenes/CutScene1.unity
  artifactKey: Guid(c189ec1700848f8439fdeb1d45800b5c) Importer(815301076,1909f56bfc062723c751e8b465ee728b)
Start importing Assets/Scenes/CutScene1.unity using Guid(c189ec1700848f8439fdeb1d45800b5c) Importer(815301076,1909f56bfc062723c751e8b465ee728b)  -> (artifact id: '27d8f93a306dcb9a698320b8c00f6606') in 0.006222 seconds 
========================================================================
Received Import Request.
  Time since last request: 4.436049 seconds.
  path: Assets/Scenes/TuDay.unity
  artifactKey: Guid(4367d3fe0e614e149a9205b7a7729479) Importer(815301076,1909f56bfc062723c751e8b465ee728b)
Start importing Assets/Scenes/TuDay.unity using Guid(4367d3fe0e614e149a9205b7a7729479) Importer(815301076,1909f56bfc062723c751e8b465ee728b)  -> (artifact id: '816207dd3339be4513b6a51ea219f28a') in 0.006854 seconds 
