Using pre-set license
Built from '2021.3/staging' branch; Version is '2021.3.10f1 (1c7d0df0160b) revision 1867021'; Using compiler version '192829333'; Build Type 'Release'
OS: 'Windows 10  (10.0.19045) 64bit Professional' Language: 'en' Physical Memory: 32700 MB
BatchMode: 1, IsHumanControllingUs: 0, StartBugReporterOnCrash: 0, Is64bit: 1, IsPro: 1

COMMAND LINE ARGUMENTS:
D:\Unity\2021.3.10f1\Editor\Unity.exe
-adb2
-batchMode
-noUpm
-name
AssetImportWorker0
-projectPath
D:/cooking/CookingGame
-logFile
Logs/AssetImportWorker0.log
-srvPort
56772
Successfully changed project path to: D:/cooking/CookingGame
D:/cooking/CookingGame
[UnityMemory] Configuration Parameters - Can be set up in boot.config
    "memorysetup-bucket-allocator-granularity=16"
    "memorysetup-bucket-allocator-bucket-count=8"
    "memorysetup-bucket-allocator-block-size=33554432"
    "memorysetup-bucket-allocator-block-count=8"
    "memorysetup-main-allocator-block-size=16777216"
    "memorysetup-thread-allocator-block-size=16777216"
    "memorysetup-gfx-main-allocator-block-size=16777216"
    "memorysetup-gfx-thread-allocator-block-size=16777216"
    "memorysetup-cache-allocator-block-size=4194304"
    "memorysetup-typetree-allocator-block-size=2097152"
    "memorysetup-profiler-bucket-allocator-granularity=16"
    "memorysetup-profiler-bucket-allocator-bucket-count=8"
    "memorysetup-profiler-bucket-allocator-block-size=33554432"
    "memorysetup-profiler-bucket-allocator-block-count=8"
    "memorysetup-profiler-allocator-block-size=16777216"
    "memorysetup-profiler-editor-allocator-block-size=1048576"
    "memorysetup-temp-allocator-size-main=16777216"
    "memorysetup-job-temp-allocator-block-size=2097152"
    "memorysetup-job-temp-allocator-block-size-background=1048576"
    "memorysetup-job-temp-allocator-reduction-small-platforms=262144"
    "memorysetup-temp-allocator-size-background-worker=32768"
    "memorysetup-temp-allocator-size-job-worker=262144"
    "memorysetup-temp-allocator-size-preload-manager=33554432"
    "memorysetup-temp-allocator-size-nav-mesh-worker=65536"
    "memorysetup-temp-allocator-size-audio-worker=65536"
    "memorysetup-temp-allocator-size-cloud-worker=32768"
    "memorysetup-temp-allocator-size-gi-baking-worker=262144"
    "memorysetup-temp-allocator-size-gfx=262144"
Refreshing native plugins compatible for Editor in 94.50 ms, found 3 plugins.
Preloading 0 native plugins for Editor in 0.00 ms.
Initialize engine version: 2021.3.10f1 (1c7d0df0160b)
[Subsystems] Discovering subsystems at path D:/Unity/2021.3.10f1/Editor/Data/Resources/UnitySubsystems
[Subsystems] Discovering subsystems at path D:/cooking/CookingGame/Assets
GfxDevice: creating device client; threaded=0; jobified=0
Direct3D:
    Version:  Direct3D 11.0 [level 11.1]
    Renderer: NVIDIA GeForce GTX 1650 SUPER (ID=0x2187)
    Vendor:   NVIDIA
    VRAM:     3943 MB
    Driver:   31.0.15.4665
Initialize mono
Mono path[0] = 'D:/Unity/2021.3.10f1/Editor/Data/Managed'
Mono path[1] = 'D:/Unity/2021.3.10f1/Editor/Data/MonoBleedingEdge/lib/mono/unityjit-win32'
Mono config path = 'D:/Unity/2021.3.10f1/Editor/Data/MonoBleedingEdge/etc'
Using monoOptions --debugger-agent=transport=dt_socket,embedding=1,server=y,suspend=n,address=127.0.0.1:56156
Begin MonoManager ReloadAssembly
Registering precompiled unity dll's ...
Register platform support module: D:/Unity/2021.3.10f1/Editor/Data/PlaybackEngines/WindowsStandaloneSupport/UnityEditor.WindowsStandalone.Extensions.dll
Registered in 0.002001 seconds.
Native extension for WindowsStandalone target not found
Refreshing native plugins compatible for Editor in 99.74 ms, found 3 plugins.
Preloading 0 native plugins for Editor in 0.00 ms.
Mono: successfully reloaded assembly
- Completed reload, in  0.575 seconds
Domain Reload Profiling:
	ReloadAssembly (575ms)
		BeginReloadAssembly (59ms)
			ExecutionOrderSort (0ms)
			DisableScriptedObjects (0ms)
			BackupInstance (0ms)
			ReleaseScriptingObjects (0ms)
			CreateAndSetChildDomain (1ms)
		EndReloadAssembly (429ms)
			LoadAssemblies (58ms)
			RebuildTransferFunctionScriptingTraits (0ms)
			SetupTypeCache (97ms)
			ReleaseScriptCaches (0ms)
			RebuildScriptCaches (27ms)
			SetupLoadedEditorAssemblies (259ms)
				LogAssemblyErrors (0ms)
				InitializePlatformSupportModulesInManaged (6ms)
				SetLoadedEditorAssemblies (0ms)
				RefreshPlugins (100ms)
				BeforeProcessingInitializeOnLoad (1ms)
				ProcessInitializeOnLoadAttributes (111ms)
				ProcessInitializeOnLoadMethodAttributes (41ms)
				AfterProcessingInitializeOnLoad (0ms)
				EditorAssembliesLoaded (0ms)
			ExecutionOrderSort2 (0ms)
			AwakeInstancesAfterBackupRestoration (0ms)
Platform modules already initialized, skipping
Registering precompiled user dll's ...
Registered in 0.003525 seconds.
Begin MonoManager ReloadAssembly
Symbol file LoadedFromMemory doesn't match image D:\cooking\CookingGame\Library\PackageCache\com.unity.visualscripting@1.7.8\Editor\VisualScripting.Core\Dependencies\YamlDotNet\Unity.VisualScripting.YamlDotNet.dll
Symbol file LoadedFromMemory doesn't match image D:\cooking\CookingGame\Library\PackageCache\com.unity.visualscripting@1.7.8\Editor\VisualScripting.Core\Dependencies\DotNetZip\Unity.VisualScripting.IonicZip.dll
Native extension for WindowsStandalone target not found
Refreshing native plugins compatible for Editor in 93.08 ms, found 3 plugins.
Preloading 0 native plugins for Editor in 0.00 ms.
Mono: successfully reloaded assembly
- Completed reload, in  1.191 seconds
Domain Reload Profiling:
	ReloadAssembly (1192ms)
		BeginReloadAssembly (98ms)
			ExecutionOrderSort (0ms)
			DisableScriptedObjects (5ms)
			BackupInstance (0ms)
			ReleaseScriptingObjects (0ms)
			CreateAndSetChildDomain (18ms)
		EndReloadAssembly (990ms)
			LoadAssemblies (74ms)
			RebuildTransferFunctionScriptingTraits (0ms)
			SetupTypeCache (280ms)
			ReleaseScriptCaches (1ms)
			RebuildScriptCaches (57ms)
			SetupLoadedEditorAssemblies (546ms)
				LogAssemblyErrors (0ms)
				InitializePlatformSupportModulesInManaged (3ms)
				SetLoadedEditorAssemblies (0ms)
				RefreshPlugins (93ms)
				BeforeProcessingInitializeOnLoad (95ms)
				ProcessInitializeOnLoadAttributes (285ms)
				ProcessInitializeOnLoadMethodAttributes (66ms)
				AfterProcessingInitializeOnLoad (3ms)
				EditorAssembliesLoaded (0ms)
			ExecutionOrderSort2 (0ms)
			AwakeInstancesAfterBackupRestoration (5ms)
Platform modules already initialized, skipping
========================================================================
Worker process is ready to serve import requests
Launched and connected shader compiler UnityShaderCompiler.exe after 0.03 seconds
Refreshing native plugins compatible for Editor in 0.79 ms, found 3 plugins.
Preloading 0 native plugins for Editor in 0.00 ms.
Unloading 5034 Unused Serialized files (Serialized files now loaded: 0)
Unloading 55 unused Assets / (1.6 MB). Loaded Objects now: 5487.
Memory consumption went from 259.1 MB to 257.4 MB.
Total: 3.981500 ms (FindLiveObjects: 0.412700 ms CreateObjectMapping: 0.353300 ms MarkObjects: 2.898600 ms  DeleteObjects: 0.316100 ms)

AssetImportParameters requested are different than current active one (requested -> active):
  custom:video-decoder-ogg-theora: a1e56fd34408186e4bbccfd4996cb3dc -> 
  custom:container-muxer-webm: aa71ff27fc2769a1b78a27578f13a17b -> 
  custom:container-demuxer-webm: 4f35f7cbe854078d1ac9338744f61a02 -> 
  custom:video-encoder-webm-vp8: eb34c28f22e8b96e1ab97ce403110664 -> 
  custom:audio-encoder-webm-vorbis: bf7c407c2cedff20999df2af8eb42d56 -> 
  custom:framework-win-MediaFoundation: 216162199b28c13a410421893ffa2e32 -> 
  custom:container-demuxer-ogg: 62fdf1f143b41e24485cea50d1cbac27 -> 
  custom:video-decoder-webm-vp8: 9c59270c3fd7afecdb556c50c9e8de78 -> 
  custom:audio-decoder-ogg-vorbis: bf7c407c2cedff20999df2af8eb42d56 -> 
========================================================================
Received Import Request.
  Time since last request: 250313.163741 seconds.
  path: Assets/image/Cerdit/Old
  artifactKey: Guid(6c79b22776ab7264488cca8f7d01b332) Importer(815301076,1909f56bfc062723c751e8b465ee728b)
Start importing Assets/image/Cerdit/Old using Guid(6c79b22776ab7264488cca8f7d01b332) Importer(815301076,1909f56bfc062723c751e8b465ee728b)  -> (artifact id: '862a98aff5f68d9f0bc46d842b94d6fc') in 0.041429 seconds 
========================================================================
Received Import Request.
  Time since last request: 0.000021 seconds.
  path: Assets/image/Cerdit
  artifactKey: Guid(354167d8fe753a54c8db81cd22edc709) Importer(815301076,1909f56bfc062723c751e8b465ee728b)
Start importing Assets/image/Cerdit using Guid(354167d8fe753a54c8db81cd22edc709) Importer(815301076,1909f56bfc062723c751e8b465ee728b)  -> (artifact id: '9ce5a24cf27126b2e2802b5fda90330a') in 0.015281 seconds 
========================================================================
Received Import Request.
  Time since last request: 7.314457 seconds.
  path: Assets/image/Cerdit/Old/N1.png
  artifactKey: Guid(bbd9058befda6db44b0bf9cd3e74d1a0) Importer(815301076,1909f56bfc062723c751e8b465ee728b)
Start importing Assets/image/Cerdit/Old/N1.png using Guid(bbd9058befda6db44b0bf9cd3e74d1a0) Importer(815301076,1909f56bfc062723c751e8b465ee728b)  -> (artifact id: '44d512ebedd0c4351d1d09492df60fb5') in 0.097732 seconds 
========================================================================
Received Import Request.
  Time since last request: 0.000018 seconds.
  path: Assets/image/Cerdit/Old/N3.png
  artifactKey: Guid(c2bcf316a8c6c274290cb5d96c54329b) Importer(815301076,1909f56bfc062723c751e8b465ee728b)
Start importing Assets/image/Cerdit/Old/N3.png using Guid(c2bcf316a8c6c274290cb5d96c54329b) Importer(815301076,1909f56bfc062723c751e8b465ee728b)  -> (artifact id: '010aef20db47de236ebb7828bae55639') in 0.015995 seconds 
========================================================================
Received Import Request.
  Time since last request: 0.000046 seconds.
  path: Assets/image/Cerdit/Old/N4.png
  artifactKey: Guid(2896bd0bdd8a8ef41b2e867669b0af10) Importer(815301076,1909f56bfc062723c751e8b465ee728b)
Start importing Assets/image/Cerdit/Old/N4.png using Guid(2896bd0bdd8a8ef41b2e867669b0af10) Importer(815301076,1909f56bfc062723c751e8b465ee728b)  -> (artifact id: '429644a791acbc97507b5847ac731afd') in 0.011677 seconds 
========================================================================
Received Import Request.
  Time since last request: 0.000021 seconds.
  path: Assets/image/Cerdit/Old/N2.png
  artifactKey: Guid(e8246e5f92eb47b4c81d03cf61d5319a) Importer(815301076,1909f56bfc062723c751e8b465ee728b)
Start importing Assets/image/Cerdit/Old/N2.png using Guid(e8246e5f92eb47b4c81d03cf61d5319a) Importer(815301076,1909f56bfc062723c751e8b465ee728b)  -> (artifact id: '82a427da84d431bf7e1e71abc349ca17') in 0.011445 seconds 
========================================================================
Received Import Request.
  Time since last request: 0.000020 seconds.
  path: Assets/image/Cerdit/Old/N6.png
  artifactKey: Guid(62672d9f57c5a194bb965098f4f28ba2) Importer(815301076,1909f56bfc062723c751e8b465ee728b)
Start importing Assets/image/Cerdit/Old/N6.png using Guid(62672d9f57c5a194bb965098f4f28ba2) Importer(815301076,1909f56bfc062723c751e8b465ee728b)  -> (artifact id: 'fe598768de9853a1a2627da1bf422644') in 0.012261 seconds 
========================================================================
Received Import Request.
  Time since last request: 0.000023 seconds.
  path: Assets/image/Cerdit/Old/N7.png
  artifactKey: Guid(14aa62f5b38fb9243870579e9ae050a8) Importer(815301076,1909f56bfc062723c751e8b465ee728b)
Start importing Assets/image/Cerdit/Old/N7.png using Guid(14aa62f5b38fb9243870579e9ae050a8) Importer(815301076,1909f56bfc062723c751e8b465ee728b)  -> (artifact id: '02d9ca5a571cdd340e2108151e204dbf') in 0.011256 seconds 
========================================================================
Received Import Request.
  Time since last request: 0.000019 seconds.
  path: Assets/image/Cerdit/Old/N5.png
  artifactKey: Guid(e20923acbfb0a2b4f85c4e93cb1857b1) Importer(815301076,1909f56bfc062723c751e8b465ee728b)
Start importing Assets/image/Cerdit/Old/N5.png using Guid(e20923acbfb0a2b4f85c4e93cb1857b1) Importer(815301076,1909f56bfc062723c751e8b465ee728b)  -> (artifact id: 'dc3757f5338380248ddb822ba456c530') in 0.011898 seconds 
========================================================================
Received Import Request.
  Time since last request: 0.000021 seconds.
  path: Assets/image/Cerdit/Old/N8.png
  artifactKey: Guid(3df8a174b65cb19488959de81345c51f) Importer(815301076,1909f56bfc062723c751e8b465ee728b)
Start importing Assets/image/Cerdit/Old/N8.png using Guid(3df8a174b65cb19488959de81345c51f) Importer(815301076,1909f56bfc062723c751e8b465ee728b)  -> (artifact id: 'd22b163160a21bc8e4a446357a1e3c6b') in 0.014256 seconds 
========================================================================
Received Import Request.
  Time since last request: 133.231937 seconds.
  path: Assets/image/Cerdit/Old/N2.png
  artifactKey: Guid(e8246e5f92eb47b4c81d03cf61d5319a) Importer(815301076,1909f56bfc062723c751e8b465ee728b)
Start importing Assets/image/Cerdit/Old/N2.png using Guid(e8246e5f92eb47b4c81d03cf61d5319a) Importer(815301076,1909f56bfc062723c751e8b465ee728b)  -> (artifact id: '8924a7715adb7daecf733162595983a7') in 0.052847 seconds 
========================================================================
Received Import Request.
  Time since last request: 0.029795 seconds.
  path: Assets/image/Cerdit/Old/N1.png
  artifactKey: Guid(bbd9058befda6db44b0bf9cd3e74d1a0) Importer(815301076,1909f56bfc062723c751e8b465ee728b)
Start importing Assets/image/Cerdit/Old/N1.png using Guid(bbd9058befda6db44b0bf9cd3e74d1a0) Importer(815301076,1909f56bfc062723c751e8b465ee728b)  -> (artifact id: '2e8011ef94347e81260b435832615c43') in 0.027029 seconds 
========================================================================
Received Import Request.
  Time since last request: 0.000024 seconds.
  path: Assets/image/Cerdit/Old/N3.png
  artifactKey: Guid(c2bcf316a8c6c274290cb5d96c54329b) Importer(815301076,1909f56bfc062723c751e8b465ee728b)
Start importing Assets/image/Cerdit/Old/N3.png using Guid(c2bcf316a8c6c274290cb5d96c54329b) Importer(815301076,1909f56bfc062723c751e8b465ee728b)  -> (artifact id: '7d22a5065f7b9d5df0a50bb409db6a42') in 0.023993 seconds 
========================================================================
Received Import Request.
  Time since last request: 0.000024 seconds.
  path: Assets/image/Cerdit/Old/N4.png
  artifactKey: Guid(2896bd0bdd8a8ef41b2e867669b0af10) Importer(815301076,1909f56bfc062723c751e8b465ee728b)
Start importing Assets/image/Cerdit/Old/N4.png using Guid(2896bd0bdd8a8ef41b2e867669b0af10) Importer(815301076,1909f56bfc062723c751e8b465ee728b)  -> (artifact id: 'e962249e5524d96c9770ef7ee30bd4d8') in 0.024268 seconds 
========================================================================
Received Import Request.
  Time since last request: 0.000019 seconds.
  path: Assets/image/Cerdit/Old/N6.png
  artifactKey: Guid(62672d9f57c5a194bb965098f4f28ba2) Importer(815301076,1909f56bfc062723c751e8b465ee728b)
Start importing Assets/image/Cerdit/Old/N6.png using Guid(62672d9f57c5a194bb965098f4f28ba2) Importer(815301076,1909f56bfc062723c751e8b465ee728b)  -> (artifact id: '91f6d4838a5696e6f25cb2563e46143d') in 0.023076 seconds 
========================================================================
Received Import Request.
  Time since last request: 0.000021 seconds.
  path: Assets/image/Cerdit/Old/N7.png
  artifactKey: Guid(14aa62f5b38fb9243870579e9ae050a8) Importer(815301076,1909f56bfc062723c751e8b465ee728b)
Start importing Assets/image/Cerdit/Old/N7.png using Guid(14aa62f5b38fb9243870579e9ae050a8) Importer(815301076,1909f56bfc062723c751e8b465ee728b)  -> (artifact id: '4e8ef83051618897ce6308bad8a0ceaf') in 0.035658 seconds 
========================================================================
Received Import Request.
  Time since last request: 0.000051 seconds.
  path: Assets/image/Cerdit/Old/N5.png
  artifactKey: Guid(e20923acbfb0a2b4f85c4e93cb1857b1) Importer(815301076,1909f56bfc062723c751e8b465ee728b)
Start importing Assets/image/Cerdit/Old/N5.png using Guid(e20923acbfb0a2b4f85c4e93cb1857b1) Importer(815301076,1909f56bfc062723c751e8b465ee728b)  -> (artifact id: '3091cfa937f008361ff0b31d446e74cb') in 0.023807 seconds 
========================================================================
Received Import Request.
  Time since last request: 0.000041 seconds.
  path: Assets/image/Cerdit/Old/N8.png
  artifactKey: Guid(3df8a174b65cb19488959de81345c51f) Importer(815301076,1909f56bfc062723c751e8b465ee728b)
Start importing Assets/image/Cerdit/Old/N8.png using Guid(3df8a174b65cb19488959de81345c51f) Importer(815301076,1909f56bfc062723c751e8b465ee728b)  -> (artifact id: 'decd6d309f1fe799e46c98146c217232') in 0.024930 seconds 
========================================================================
Received Import Request.
  Time since last request: 36.622354 seconds.
  path: Assets/image/Cerdit/Old/N1.png
  artifactKey: Guid(bbd9058befda6db44b0bf9cd3e74d1a0) Importer(815301076,1909f56bfc062723c751e8b465ee728b)
Start importing Assets/image/Cerdit/Old/N1.png using Guid(bbd9058befda6db44b0bf9cd3e74d1a0) Importer(815301076,1909f56bfc062723c751e8b465ee728b)  -> (artifact id: '869c251e3dfcdb44427faebb05079198') in 0.240506 seconds 
========================================================================
Received Import Request.
  Time since last request: 0.000044 seconds.
  path: Assets/image/Cerdit/Old/N3.png
  artifactKey: Guid(c2bcf316a8c6c274290cb5d96c54329b) Importer(815301076,1909f56bfc062723c751e8b465ee728b)
Start importing Assets/image/Cerdit/Old/N3.png using Guid(c2bcf316a8c6c274290cb5d96c54329b) Importer(815301076,1909f56bfc062723c751e8b465ee728b)  -> (artifact id: 'a3b06af86bb5e5b703d57a06a65e9644') in 0.227660 seconds 
========================================================================
Received Import Request.
  Time since last request: 0.000030 seconds.
  path: Assets/image/Cerdit/Old/N4.png
  artifactKey: Guid(2896bd0bdd8a8ef41b2e867669b0af10) Importer(815301076,1909f56bfc062723c751e8b465ee728b)
Start importing Assets/image/Cerdit/Old/N4.png using Guid(2896bd0bdd8a8ef41b2e867669b0af10) Importer(815301076,1909f56bfc062723c751e8b465ee728b)  -> (artifact id: '2d09e37c5319f51e1eab7f417ca712e3') in 0.189371 seconds 
========================================================================
Received Import Request.
  Time since last request: 0.000020 seconds.
  path: Assets/image/Cerdit/Old/N2.png
  artifactKey: Guid(e8246e5f92eb47b4c81d03cf61d5319a) Importer(815301076,1909f56bfc062723c751e8b465ee728b)
Start importing Assets/image/Cerdit/Old/N2.png using Guid(e8246e5f92eb47b4c81d03cf61d5319a) Importer(815301076,1909f56bfc062723c751e8b465ee728b)  -> (artifact id: '35c86d47e2a1eecd4da6bab0d413ad45') in 0.204306 seconds 
========================================================================
Received Import Request.
  Time since last request: 0.000019 seconds.
  path: Assets/image/Cerdit/Old/N6.png
  artifactKey: Guid(62672d9f57c5a194bb965098f4f28ba2) Importer(815301076,1909f56bfc062723c751e8b465ee728b)
Start importing Assets/image/Cerdit/Old/N6.png using Guid(62672d9f57c5a194bb965098f4f28ba2) Importer(815301076,1909f56bfc062723c751e8b465ee728b)  -> (artifact id: '280a6b286f18344e657e236e975fa6b9') in 0.204040 seconds 
========================================================================
Received Import Request.
  Time since last request: 0.000033 seconds.
  path: Assets/image/Cerdit/Old/N7.png
  artifactKey: Guid(14aa62f5b38fb9243870579e9ae050a8) Importer(815301076,1909f56bfc062723c751e8b465ee728b)
Start importing Assets/image/Cerdit/Old/N7.png using Guid(14aa62f5b38fb9243870579e9ae050a8) Importer(815301076,1909f56bfc062723c751e8b465ee728b)  -> (artifact id: '8bc7305d0ef89b23712fad223603bd14') in 0.189104 seconds 
========================================================================
Received Import Request.
  Time since last request: 0.000014 seconds.
  path: Assets/image/Cerdit/Old/N5.png
  artifactKey: Guid(e20923acbfb0a2b4f85c4e93cb1857b1) Importer(815301076,1909f56bfc062723c751e8b465ee728b)
Start importing Assets/image/Cerdit/Old/N5.png using Guid(e20923acbfb0a2b4f85c4e93cb1857b1) Importer(815301076,1909f56bfc062723c751e8b465ee728b)  -> (artifact id: 'e0937ec06e898b3dc39adfcd01be8080') in 0.216251 seconds 
========================================================================
Received Import Request.
  Time since last request: 0.000208 seconds.
  path: Assets/image/Cerdit/Old/N8.png
  artifactKey: Guid(3df8a174b65cb19488959de81345c51f) Importer(815301076,1909f56bfc062723c751e8b465ee728b)
Start importing Assets/image/Cerdit/Old/N8.png using Guid(3df8a174b65cb19488959de81345c51f) Importer(815301076,1909f56bfc062723c751e8b465ee728b)  -> (artifact id: '72510b4685dd85d53cef3ac437875710') in 0.209252 seconds 
========================================================================
Received Prepare
Registering precompiled user dll's ...
Registered in 0.003199 seconds.
Begin MonoManager ReloadAssembly
Symbol file LoadedFromMemory doesn't match image D:\cooking\CookingGame\Library\PackageCache\com.unity.visualscripting@1.7.8\Editor\VisualScripting.Core\Dependencies\YamlDotNet\Unity.VisualScripting.YamlDotNet.dll
Symbol file LoadedFromMemory doesn't match image D:\cooking\CookingGame\Library\PackageCache\com.unity.visualscripting@1.7.8\Editor\VisualScripting.Core\Dependencies\DotNetZip\Unity.VisualScripting.IonicZip.dll
Native extension for WindowsStandalone target not found
Refreshing native plugins compatible for Editor in 0.89 ms, found 3 plugins.
Preloading 0 native plugins for Editor in 0.00 ms.
Mono: successfully reloaded assembly
- Completed reload, in  1.133 seconds
Domain Reload Profiling:
	ReloadAssembly (1133ms)
		BeginReloadAssembly (118ms)
			ExecutionOrderSort (0ms)
			DisableScriptedObjects (4ms)
			BackupInstance (0ms)
			ReleaseScriptingObjects (0ms)
			CreateAndSetChildDomain (38ms)
		EndReloadAssembly (935ms)
			LoadAssemblies (68ms)
			RebuildTransferFunctionScriptingTraits (0ms)
			SetupTypeCache (303ms)
			ReleaseScriptCaches (2ms)
			RebuildScriptCaches (51ms)
			SetupLoadedEditorAssemblies (465ms)
				LogAssemblyErrors (0ms)
				InitializePlatformSupportModulesInManaged (11ms)
				SetLoadedEditorAssemblies (0ms)
				RefreshPlugins (1ms)
				BeforeProcessingInitializeOnLoad (76ms)
				ProcessInitializeOnLoadAttributes (302ms)
				ProcessInitializeOnLoadMethodAttributes (71ms)
				AfterProcessingInitializeOnLoad (3ms)
				EditorAssembliesLoaded (0ms)
			ExecutionOrderSort2 (0ms)
			AwakeInstancesAfterBackupRestoration (6ms)
Platform modules already initialized, skipping
Refreshing native plugins compatible for Editor in 1.80 ms, found 3 plugins.
Preloading 0 native plugins for Editor in 0.00 ms.
Unloading 4971 Unused Serialized files (Serialized files now loaded: 0)
Unloading 34 unused Assets / (1.6 MB). Loaded Objects now: 5510.
Memory consumption went from 260.8 MB to 259.2 MB.
Total: 3.528800 ms (FindLiveObjects: 0.446300 ms CreateObjectMapping: 0.401600 ms MarkObjects: 2.399000 ms  DeleteObjects: 0.278500 ms)

AssetImportParameters requested are different than current active one (requested -> active):
  custom:video-decoder-ogg-theora: a1e56fd34408186e4bbccfd4996cb3dc -> 
  custom:container-muxer-webm: aa71ff27fc2769a1b78a27578f13a17b -> 
  custom:container-demuxer-webm: 4f35f7cbe854078d1ac9338744f61a02 -> 
  custom:video-encoder-webm-vp8: eb34c28f22e8b96e1ab97ce403110664 -> 
  custom:audio-encoder-webm-vorbis: bf7c407c2cedff20999df2af8eb42d56 -> 
  custom:framework-win-MediaFoundation: 216162199b28c13a410421893ffa2e32 -> 
  custom:container-demuxer-ogg: 62fdf1f143b41e24485cea50d1cbac27 -> 
  custom:video-decoder-webm-vp8: 9c59270c3fd7afecdb556c50c9e8de78 -> 
  custom:audio-decoder-ogg-vorbis: bf7c407c2cedff20999df2af8eb42d56 -> 
========================================================================
Received Prepare
Registering precompiled user dll's ...
Registered in 0.003255 seconds.
Begin MonoManager ReloadAssembly
Symbol file LoadedFromMemory doesn't match image D:\cooking\CookingGame\Library\PackageCache\com.unity.visualscripting@1.7.8\Editor\VisualScripting.Core\Dependencies\YamlDotNet\Unity.VisualScripting.YamlDotNet.dll
Symbol file LoadedFromMemory doesn't match image D:\cooking\CookingGame\Library\PackageCache\com.unity.visualscripting@1.7.8\Editor\VisualScripting.Core\Dependencies\DotNetZip\Unity.VisualScripting.IonicZip.dll
Native extension for WindowsStandalone target not found
Refreshing native plugins compatible for Editor in 0.80 ms, found 3 plugins.
Preloading 0 native plugins for Editor in 0.00 ms.
Mono: successfully reloaded assembly
- Completed reload, in  1.116 seconds
Domain Reload Profiling:
	ReloadAssembly (1117ms)
		BeginReloadAssembly (112ms)
			ExecutionOrderSort (0ms)
			DisableScriptedObjects (4ms)
			BackupInstance (0ms)
			ReleaseScriptingObjects (0ms)
			CreateAndSetChildDomain (34ms)
		EndReloadAssembly (925ms)
			LoadAssemblies (67ms)
			RebuildTransferFunctionScriptingTraits (0ms)
			SetupTypeCache (290ms)
			ReleaseScriptCaches (2ms)
			RebuildScriptCaches (52ms)
			SetupLoadedEditorAssemblies (463ms)
				LogAssemblyErrors (0ms)
				InitializePlatformSupportModulesInManaged (11ms)
				SetLoadedEditorAssemblies (1ms)
				RefreshPlugins (1ms)
				BeforeProcessingInitializeOnLoad (77ms)
				ProcessInitializeOnLoadAttributes (295ms)
				ProcessInitializeOnLoadMethodAttributes (74ms)
				AfterProcessingInitializeOnLoad (4ms)
				EditorAssembliesLoaded (0ms)
			ExecutionOrderSort2 (0ms)
			AwakeInstancesAfterBackupRestoration (6ms)
Platform modules already initialized, skipping
Refreshing native plugins compatible for Editor in 1.83 ms, found 3 plugins.
Preloading 0 native plugins for Editor in 0.00 ms.
Unloading 4971 Unused Serialized files (Serialized files now loaded: 0)
Unloading 34 unused Assets / (1.6 MB). Loaded Objects now: 5525.
Memory consumption went from 260.8 MB to 259.2 MB.
Total: 4.023200 ms (FindLiveObjects: 0.451500 ms CreateObjectMapping: 0.341700 ms MarkObjects: 2.978800 ms  DeleteObjects: 0.250200 ms)

AssetImportParameters requested are different than current active one (requested -> active):
  custom:video-decoder-ogg-theora: a1e56fd34408186e4bbccfd4996cb3dc -> 
  custom:container-muxer-webm: aa71ff27fc2769a1b78a27578f13a17b -> 
  custom:container-demuxer-webm: 4f35f7cbe854078d1ac9338744f61a02 -> 
  custom:video-encoder-webm-vp8: eb34c28f22e8b96e1ab97ce403110664 -> 
  custom:audio-encoder-webm-vorbis: bf7c407c2cedff20999df2af8eb42d56 -> 
  custom:framework-win-MediaFoundation: 216162199b28c13a410421893ffa2e32 -> 
  custom:container-demuxer-ogg: 62fdf1f143b41e24485cea50d1cbac27 -> 
  custom:video-decoder-webm-vp8: 9c59270c3fd7afecdb556c50c9e8de78 -> 
  custom:audio-decoder-ogg-vorbis: bf7c407c2cedff20999df2af8eb42d56 -> 
========================================================================
Received Prepare
Registering precompiled user dll's ...
Registered in 0.003049 seconds.
Begin MonoManager ReloadAssembly
Symbol file LoadedFromMemory doesn't match image D:\cooking\CookingGame\Library\PackageCache\com.unity.visualscripting@1.7.8\Editor\VisualScripting.Core\Dependencies\YamlDotNet\Unity.VisualScripting.YamlDotNet.dll
Symbol file LoadedFromMemory doesn't match image D:\cooking\CookingGame\Library\PackageCache\com.unity.visualscripting@1.7.8\Editor\VisualScripting.Core\Dependencies\DotNetZip\Unity.VisualScripting.IonicZip.dll
Native extension for WindowsStandalone target not found
Refreshing native plugins compatible for Editor in 1.00 ms, found 3 plugins.
Preloading 0 native plugins for Editor in 0.00 ms.
Mono: successfully reloaded assembly
- Completed reload, in  1.092 seconds
Domain Reload Profiling:
	ReloadAssembly (1093ms)
		BeginReloadAssembly (126ms)
			ExecutionOrderSort (0ms)
			DisableScriptedObjects (5ms)
			BackupInstance (0ms)
			ReleaseScriptingObjects (0ms)
			CreateAndSetChildDomain (39ms)
		EndReloadAssembly (886ms)
			LoadAssemblies (75ms)
			RebuildTransferFunctionScriptingTraits (0ms)
			SetupTypeCache (259ms)
			ReleaseScriptCaches (2ms)
			RebuildScriptCaches (45ms)
			SetupLoadedEditorAssemblies (460ms)
				LogAssemblyErrors (0ms)
				InitializePlatformSupportModulesInManaged (11ms)
				SetLoadedEditorAssemblies (1ms)
				RefreshPlugins (1ms)
				BeforeProcessingInitializeOnLoad (82ms)
				ProcessInitializeOnLoadAttributes (289ms)
				ProcessInitializeOnLoadMethodAttributes (74ms)
				AfterProcessingInitializeOnLoad (3ms)
				EditorAssembliesLoaded (0ms)
			ExecutionOrderSort2 (0ms)
			AwakeInstancesAfterBackupRestoration (6ms)
Platform modules already initialized, skipping
Refreshing native plugins compatible for Editor in 1.87 ms, found 3 plugins.
Preloading 0 native plugins for Editor in 0.00 ms.
Unloading 4971 Unused Serialized files (Serialized files now loaded: 0)
Unloading 34 unused Assets / (1.6 MB). Loaded Objects now: 5540.
Memory consumption went from 260.8 MB to 259.2 MB.
Total: 3.908600 ms (FindLiveObjects: 0.350100 ms CreateObjectMapping: 0.255400 ms MarkObjects: 2.983300 ms  DeleteObjects: 0.318900 ms)

AssetImportParameters requested are different than current active one (requested -> active):
  custom:video-decoder-ogg-theora: a1e56fd34408186e4bbccfd4996cb3dc -> 
  custom:container-muxer-webm: aa71ff27fc2769a1b78a27578f13a17b -> 
  custom:container-demuxer-webm: 4f35f7cbe854078d1ac9338744f61a02 -> 
  custom:video-encoder-webm-vp8: eb34c28f22e8b96e1ab97ce403110664 -> 
  custom:audio-encoder-webm-vorbis: bf7c407c2cedff20999df2af8eb42d56 -> 
  custom:framework-win-MediaFoundation: 216162199b28c13a410421893ffa2e32 -> 
  custom:container-demuxer-ogg: 62fdf1f143b41e24485cea50d1cbac27 -> 
  custom:video-decoder-webm-vp8: 9c59270c3fd7afecdb556c50c9e8de78 -> 
  custom:audio-decoder-ogg-vorbis: bf7c407c2cedff20999df2af8eb42d56 -> 
========================================================================
Received Prepare
Registering precompiled user dll's ...
Registered in 0.003123 seconds.
Begin MonoManager ReloadAssembly
Symbol file LoadedFromMemory doesn't match image D:\cooking\CookingGame\Library\PackageCache\com.unity.visualscripting@1.7.8\Editor\VisualScripting.Core\Dependencies\YamlDotNet\Unity.VisualScripting.YamlDotNet.dll
Symbol file LoadedFromMemory doesn't match image D:\cooking\CookingGame\Library\PackageCache\com.unity.visualscripting@1.7.8\Editor\VisualScripting.Core\Dependencies\DotNetZip\Unity.VisualScripting.IonicZip.dll
Native extension for WindowsStandalone target not found
Refreshing native plugins compatible for Editor in 0.79 ms, found 3 plugins.
Preloading 0 native plugins for Editor in 0.00 ms.
Mono: successfully reloaded assembly
- Completed reload, in  1.132 seconds
Domain Reload Profiling:
	ReloadAssembly (1133ms)
		BeginReloadAssembly (132ms)
			ExecutionOrderSort (0ms)
			DisableScriptedObjects (5ms)
			BackupInstance (0ms)
			ReleaseScriptingObjects (0ms)
			CreateAndSetChildDomain (41ms)
		EndReloadAssembly (915ms)
			LoadAssemblies (75ms)
			RebuildTransferFunctionScriptingTraits (0ms)
			SetupTypeCache (279ms)
			ReleaseScriptCaches (2ms)
			RebuildScriptCaches (52ms)
			SetupLoadedEditorAssemblies (465ms)
				LogAssemblyErrors (0ms)
				InitializePlatformSupportModulesInManaged (10ms)
				SetLoadedEditorAssemblies (0ms)
				RefreshPlugins (1ms)
				BeforeProcessingInitializeOnLoad (74ms)
				ProcessInitializeOnLoadAttributes (308ms)
				ProcessInitializeOnLoadMethodAttributes (69ms)
				AfterProcessingInitializeOnLoad (2ms)
				EditorAssembliesLoaded (0ms)
			ExecutionOrderSort2 (0ms)
			AwakeInstancesAfterBackupRestoration (5ms)
Platform modules already initialized, skipping
Refreshing native plugins compatible for Editor in 1.86 ms, found 3 plugins.
Preloading 0 native plugins for Editor in 0.00 ms.
Unloading 4971 Unused Serialized files (Serialized files now loaded: 0)
Unloading 34 unused Assets / (1.6 MB). Loaded Objects now: 5555.
Memory consumption went from 260.8 MB to 259.2 MB.
Total: 4.054800 ms (FindLiveObjects: 0.419200 ms CreateObjectMapping: 0.435300 ms MarkObjects: 2.934900 ms  DeleteObjects: 0.264400 ms)

AssetImportParameters requested are different than current active one (requested -> active):
  custom:video-decoder-ogg-theora: a1e56fd34408186e4bbccfd4996cb3dc -> 
  custom:container-muxer-webm: aa71ff27fc2769a1b78a27578f13a17b -> 
  custom:container-demuxer-webm: 4f35f7cbe854078d1ac9338744f61a02 -> 
  custom:video-encoder-webm-vp8: eb34c28f22e8b96e1ab97ce403110664 -> 
  custom:audio-encoder-webm-vorbis: bf7c407c2cedff20999df2af8eb42d56 -> 
  custom:framework-win-MediaFoundation: 216162199b28c13a410421893ffa2e32 -> 
  custom:container-demuxer-ogg: 62fdf1f143b41e24485cea50d1cbac27 -> 
  custom:video-decoder-webm-vp8: 9c59270c3fd7afecdb556c50c9e8de78 -> 
  custom:audio-decoder-ogg-vorbis: bf7c407c2cedff20999df2af8eb42d56 -> 
